2025-11-04 19:57:36.395 [info] Reading sessions from keychain...
2025-11-04 19:57:36.395 [info] Getting sessions for all scopes...
2025-11-04 19:57:36.395 [info] Got 0 sessions for ...
2025-11-04 19:57:36.395 [info] Getting sessions for all scopes...
2025-11-04 19:57:36.395 [info] Got 0 sessions for ...
2025-11-04 19:57:36.395 [info] Getting sessions for all scopes...
2025-11-04 19:57:36.395 [info] Got 0 sessions for ...
2025-11-04 19:57:36.395 [info] Getting sessions for all scopes...
2025-11-04 19:57:36.395 [info] Got 0 sessions for ...
2025-11-04 19:57:36.395 [info] Getting sessions for all scopes...
2025-11-04 19:57:36.395 [info] Got 0 sessions for ...
2025-11-04 19:57:36.395 [info] Getting sessions for all scopes...
2025-11-04 19:57:36.395 [info] Got 0 sessions for ...
2025-11-04 19:57:36.395 [info] Getting sessions for all scopes...
2025-11-04 19:57:36.395 [info] Got 0 sessions for ...
2025-11-04 19:57:36.395 [info] Getting sessions for all scopes...
2025-11-04 19:57:36.395 [info] Got 0 sessions for ...
2025-11-04 19:57:36.395 [info] Getting sessions for all scopes...
2025-11-04 19:57:36.395 [info] Got 0 sessions for ...
2025-11-04 19:57:36.395 [info] Getting sessions for all scopes...
2025-11-04 19:57:36.395 [info] Got 0 sessions for ...
2025-11-04 19:57:36.395 [info] Getting sessions for all scopes...
2025-11-04 19:57:36.395 [info] Got 0 sessions for ...
2025-11-04 19:57:36.395 [info] Getting sessions for all scopes...
2025-11-04 19:57:36.395 [info] Got 0 sessions for ...
2025-11-04 19:57:36.395 [info] Getting sessions for all scopes...
2025-11-04 19:57:36.395 [info] Got 0 sessions for ...
2025-11-04 19:57:36.395 [info] Getting sessions for all scopes...
2025-11-04 19:57:36.395 [info] Got 0 sessions for ...
2025-11-04 19:57:36.395 [info] Getting sessions for all scopes...
2025-11-04 19:57:36.395 [info] Got 0 sessions for ...
2025-11-04 19:57:37.350 [info] Getting sessions for read:user,repo,user:email,workflow...
2025-11-04 19:57:37.350 [info] Got 0 sessions for read:user,repo,user:email,workflow...
2025-11-04 19:57:37.754 [info] Getting sessions for all scopes...
2025-11-04 19:57:37.754 [info] Got 0 sessions for ...
2025-11-04 19:57:37.754 [info] Getting sessions for all scopes...
2025-11-04 19:57:37.754 [info] Got 0 sessions for ...
2025-11-04 19:57:37.765 [info] Getting sessions for all scopes...
2025-11-04 19:57:37.765 [info] Got 0 sessions for ...
2025-11-04 19:57:45.591 [info] Reading sessions from keychain...
2025-11-04 19:57:45.591 [info] Getting sessions for all scopes...
2025-11-04 19:57:45.591 [info] Got 0 sessions for ...
2025-11-04 19:57:45.595 [info] Getting sessions for all scopes...
2025-11-04 19:57:45.595 [info] Got 0 sessions for ...
2025-11-04 19:57:46.015 [info] Getting sessions for all scopes...
2025-11-04 19:57:46.015 [info] Got 0 sessions for ...
2025-11-04 19:57:46.020 [info] Getting sessions for all scopes...
2025-11-04 19:57:46.020 [info] Got 0 sessions for ...
2025-11-04 19:57:46.020 [info] Getting sessions for all scopes...
2025-11-04 19:57:46.020 [info] Got 0 sessions for ...
2025-11-04 19:57:46.020 [info] Getting sessions for all scopes...
2025-11-04 19:57:46.020 [info] Got 0 sessions for ...
2025-11-04 19:57:46.020 [info] Getting sessions for all scopes...
2025-11-04 19:57:46.020 [info] Got 0 sessions for ...
2025-11-04 19:57:46.020 [info] Getting sessions for all scopes...
2025-11-04 19:57:46.020 [info] Got 0 sessions for ...
2025-11-04 19:57:46.074 [info] Getting sessions for all scopes...
2025-11-04 19:57:46.074 [info] Got 0 sessions for ...
2025-11-04 19:57:46.074 [info] Getting sessions for all scopes...
2025-11-04 19:57:46.074 [info] Got 0 sessions for ...
2025-11-04 19:57:46.078 [info] Getting sessions for all scopes...
2025-11-04 19:57:46.078 [info] Got 0 sessions for ...
2025-11-04 19:57:46.078 [info] Getting sessions for all scopes...
2025-11-04 19:57:46.078 [info] Got 0 sessions for ...
2025-11-04 19:57:46.078 [info] Getting sessions for all scopes...
2025-11-04 19:57:46.078 [info] Got 0 sessions for ...
2025-11-04 19:57:46.398 [info] Getting sessions for read:user,repo,user:email,workflow...
2025-11-04 19:57:46.398 [info] Got 0 sessions for read:user,repo,user:email,workflow...
2025-11-04 19:57:47.868 [info] Getting sessions for all scopes...
2025-11-04 19:57:47.868 [info] Got 0 sessions for ...
2025-11-04 19:57:47.869 [info] Getting sessions for all scopes...
2025-11-04 19:57:47.869 [info] Got 0 sessions for ...
2025-11-04 19:57:47.869 [info] Getting sessions for all scopes...
2025-11-04 19:57:47.869 [info] Got 0 sessions for ...
2025-11-04 19:57:48.021 [info] Getting sessions for all scopes...
2025-11-04 19:57:48.021 [info] Got 0 sessions for ...
2025-11-04 20:05:59.128 [info] Reading sessions from keychain...
2025-11-04 20:05:59.128 [info] Getting sessions for all scopes...
2025-11-04 20:05:59.128 [info] Got 0 sessions for ...
2025-11-04 20:05:59.128 [info] Getting sessions for all scopes...
2025-11-04 20:05:59.128 [info] Got 0 sessions for ...
2025-11-04 20:05:59.128 [info] Getting sessions for all scopes...
2025-11-04 20:05:59.128 [info] Got 0 sessions for ...
2025-11-04 20:05:59.128 [info] Getting sessions for all scopes...
2025-11-04 20:05:59.128 [info] Got 0 sessions for ...
2025-11-04 20:05:59.128 [info] Getting sessions for all scopes...
2025-11-04 20:05:59.128 [info] Got 0 sessions for ...
2025-11-04 20:05:59.128 [info] Getting sessions for all scopes...
2025-11-04 20:05:59.128 [info] Got 0 sessions for ...
2025-11-04 20:05:59.128 [info] Getting sessions for all scopes...
2025-11-04 20:05:59.128 [info] Got 0 sessions for ...
2025-11-04 20:05:59.128 [info] Getting sessions for all scopes...
2025-11-04 20:05:59.128 [info] Got 0 sessions for ...
2025-11-04 20:05:59.142 [info] Getting sessions for all scopes...
2025-11-04 20:05:59.142 [info] Got 0 sessions for ...
2025-11-04 20:05:59.156 [info] Getting sessions for all scopes...
2025-11-04 20:05:59.156 [info] Got 0 sessions for ...
2025-11-04 20:05:59.156 [info] Getting sessions for all scopes...
2025-11-04 20:05:59.156 [info] Got 0 sessions for ...
2025-11-04 20:05:59.156 [info] Getting sessions for all scopes...
2025-11-04 20:05:59.156 [info] Got 0 sessions for ...
2025-11-04 20:05:59.156 [info] Getting sessions for all scopes...
2025-11-04 20:05:59.156 [info] Got 0 sessions for ...
2025-11-04 20:05:59.157 [info] Getting sessions for all scopes...
2025-11-04 20:05:59.157 [info] Got 0 sessions for ...
2025-11-04 20:05:59.690 [info] Getting sessions for read:user,repo,user:email,workflow...
2025-11-04 20:05:59.690 [info] Got 0 sessions for read:user,repo,user:email,workflow...
2025-11-04 20:05:59.985 [info] Getting sessions for all scopes...
2025-11-04 20:05:59.985 [info] Got 0 sessions for ...
2025-11-04 20:06:00.484 [info] Getting sessions for all scopes...
2025-11-04 20:06:00.484 [info] Got 0 sessions for ...
2025-11-04 20:06:00.485 [info] Getting sessions for all scopes...
2025-11-04 20:06:00.485 [info] Got 0 sessions for ...
2025-11-04 20:06:00.496 [info] Getting sessions for all scopes...
2025-11-04 20:06:00.496 [info] Got 0 sessions for ...
2025-11-04 20:06:00.699 [info] Getting sessions for all scopes...
2025-11-04 20:06:00.699 [info] Got 0 sessions for ...
