2025-11-25 13:08:23.719 [info] Extension host with pid 13460 started
2025-11-25 13:08:23.748 [info] ExtensionService#_doActivateExtension vscode.github-authentication, startup: false, activationEvent: 'onAuthenticationRequest:github'
2025-11-25 13:08:23.773 [info] Extension host with pid 13482 started
2025-11-25 13:08:23.780 [info] Eager extensions activated
2025-11-25 13:08:23.782 [info] ExtensionService#_doActivateExtension vscodevim.vim, startup: false, activationEvent: 'onStartupFinished'
2025-11-25 13:08:23.799 [info] ExtensionService#_doActivateExtension vscode.git-base, startup: true, activationEvent: '*', root cause: vscode.git
2025-11-25 13:08:23.837 [info] ExtensionService#_doActivateExtension vscode.git, startup: true, activationEvent: '*'
2025-11-25 13:08:23.895 [info] ExtensionService#_doActivateExtension vscode.github, startup: true, activationEvent: '*'
2025-11-25 13:08:23.990 [info] Eager extensions activated
2025-11-25 13:08:23.992 [info] ExtensionService#_doActivateExtension vscode.debug-auto-launch, startup: false, activationEvent: 'onStartupFinished'
2025-11-25 13:08:23.995 [info] ExtensionService#_doActivateExtension vscode.merge-conflict, startup: false, activationEvent: 'onStartupFinished'
2025-11-25 13:08:41.299 [info] ExtensionService#_doActivateExtension vscode.emmet, startup: false, activationEvent: 'onLanguage'
2025-11-25 13:08:43.804 [info] ExtensionService#_doActivateExtension ms-python.python, startup: false, activationEvent: 'onLanguage:python', root cause: charliermarsh.ruff
2025-11-25 13:08:43.969 [info] ExtensionService#_doActivateExtension ms-python.vscode-pylance, startup: false, activationEvent: 'onLanguage:python'
2025-11-25 13:08:44.250 [info] ExtensionService#_doActivateExtension ms-python.vscode-python-envs, startup: false, activationEvent: 'onLanguage:python'
2025-11-25 13:08:44.460 [info] ExtensionService#_doActivateExtension charliermarsh.ruff, startup: false, activationEvent: 'onLanguage:python'
2025-11-25 13:08:44.506 [info] ExtensionService#_doActivateExtension ms-python.debugpy, startup: false, activationEvent: 'onLanguage:python'
2025-11-25 13:08:46.998 [warning] DiagnosticCollection with name 'Pylance' does already exist.
2025-11-25 13:08:47.180 [warning] DiagnosticCollection with name 'Pylance' does already exist.
2025-11-25 13:08:47.408 [info] ExtensionService#_doActivateExtension vscode.json-language-features, startup: false, activationEvent: 'onCommand:json.validate'
2025-11-25 13:09:23.095 [error] Error: illegal state - object is disposed
	at K3.j (file:///opt/visual-studio-code/resources/app/out/vs/workbench/api/node/extensionHostProcess.js:142:100686)
	at K3.delete (file:///opt/visual-studio-code/resources/app/out/vs/workbench/api/node/extensionHostProcess.js:142:100204)
	at W.forgetDocument (/home/arch/.vscode/extensions/ms-python.vscode-pylance-2025.9.1/dist/vendor.bundle.js:2:7992156)
	at h.cleanUpDocument (/home/arch/.vscode/extensions/ms-python.vscode-pylance-2025.9.1/dist/vendor.bundle.js:2:8002356)
	at od.value (/home/arch/.vscode/extensions/ms-python.vscode-pylance-2025.9.1/dist/vendor.bundle.js:2:8001656)
	at $.C (file:///opt/visual-studio-code/resources/app/out/vs/workbench/api/node/extensionHostProcess.js:27:2373)
	at $.D (file:///opt/visual-studio-code/resources/app/out/vs/workbench/api/node/extensionHostProcess.js:27:2443)
	at $.fire (file:///opt/visual-studio-code/resources/app/out/vs/workbench/api/node/extensionHostProcess.js:27:2660)
	at od.I [as value] (/home/arch/.vscode/extensions/ms-python.vscode-pylance-2025.9.1/dist/vendor.bundle.js:2:1041034)
	at $.C (file:///opt/visual-studio-code/resources/app/out/vs/workbench/api/node/extensionHostProcess.js:27:2373)
	at $.D (file:///opt/visual-studio-code/resources/app/out/vs/workbench/api/node/extensionHostProcess.js:27:2443)
	at $.fire (file:///opt/visual-studio-code/resources/app/out/vs/workbench/api/node/extensionHostProcess.js:27:2660)
	at Ky.$acceptTabOperation (file:///opt/visual-studio-code/resources/app/out/vs/workbench/api/node/extensionHostProcess.js:123:25037)
	at U4.S (file:///opt/visual-studio-code/resources/app/out/vs/workbench/api/node/extensionHostProcess.js:29:120964)
	at U4.Q (file:///opt/visual-studio-code/resources/app/out/vs/workbench/api/node/extensionHostProcess.js:29:120744)
	at U4.M (file:///opt/visual-studio-code/resources/app/out/vs/workbench/api/node/extensionHostProcess.js:29:119833)
	at U4.L (file:///opt/visual-studio-code/resources/app/out/vs/workbench/api/node/extensionHostProcess.js:29:118938)
	at od.value (file:///opt/visual-studio-code/resources/app/out/vs/workbench/api/node/extensionHostProcess.js:29:117735)
	at $.C (file:///opt/visual-studio-code/resources/app/out/vs/workbench/api/node/extensionHostProcess.js:27:2373)
	at $.fire (file:///opt/visual-studio-code/resources/app/out/vs/workbench/api/node/extensionHostProcess.js:27:2591)
	at Ao.fire (file:///opt/visual-studio-code/resources/app/out/vs/workbench/api/node/extensionHostProcess.js:29:9458)
	at od.value (file:///opt/visual-studio-code/resources/app/out/vs/workbench/api/node/extensionHostProcess.js:393:8616)
	at $.C (file:///opt/visual-studio-code/resources/app/out/vs/workbench/api/node/extensionHostProcess.js:27:2373)
	at $.fire (file:///opt/visual-studio-code/resources/app/out/vs/workbench/api/node/extensionHostProcess.js:27:2591)
	at Ao.fire (file:///opt/visual-studio-code/resources/app/out/vs/workbench/api/node/extensionHostProcess.js:29:9458)
	at MessagePortMain.<anonymous> (file:///opt/visual-studio-code/resources/app/out/vs/workbench/api/node/extensionHostProcess.js:393:6908)
	at MessagePortMain.emit (node:events:519:28)
	at MessagePortMain._internalPort.emit (node:electron/js2c/utility_init:2:2949)
2025-11-25 13:09:23.095 [error] Error: illegal state - object is disposed
	at K3.j (file:///opt/visual-studio-code/resources/app/out/vs/workbench/api/node/extensionHostProcess.js:142:100686)
	at K3.delete (file:///opt/visual-studio-code/resources/app/out/vs/workbench/api/node/extensionHostProcess.js:142:100204)
	at W.forgetDocument (/home/arch/.vscode/extensions/ms-python.vscode-pylance-2025.9.1/dist/vendor.bundle.js:2:7992156)
	at h.cleanUpDocument (/home/arch/.vscode/extensions/ms-python.vscode-pylance-2025.9.1/dist/vendor.bundle.js:2:8002356)
	at od.value (/home/arch/.vscode/extensions/ms-python.vscode-pylance-2025.9.1/dist/vendor.bundle.js:2:8001656)
	at $.C (file:///opt/visual-studio-code/resources/app/out/vs/workbench/api/node/extensionHostProcess.js:27:2373)
	at $.D (file:///opt/visual-studio-code/resources/app/out/vs/workbench/api/node/extensionHostProcess.js:27:2443)
	at $.fire (file:///opt/visual-studio-code/resources/app/out/vs/workbench/api/node/extensionHostProcess.js:27:2660)
	at od.I [as value] (/home/arch/.vscode/extensions/ms-python.vscode-pylance-2025.9.1/dist/vendor.bundle.js:2:1041034)
	at $.C (file:///opt/visual-studio-code/resources/app/out/vs/workbench/api/node/extensionHostProcess.js:27:2373)
	at $.D (file:///opt/visual-studio-code/resources/app/out/vs/workbench/api/node/extensionHostProcess.js:27:2443)
	at $.fire (file:///opt/visual-studio-code/resources/app/out/vs/workbench/api/node/extensionHostProcess.js:27:2660)
	at Ky.$acceptTabOperation (file:///opt/visual-studio-code/resources/app/out/vs/workbench/api/node/extensionHostProcess.js:123:25037)
	at U4.S (file:///opt/visual-studio-code/resources/app/out/vs/workbench/api/node/extensionHostProcess.js:29:120964)
	at U4.Q (file:///opt/visual-studio-code/resources/app/out/vs/workbench/api/node/extensionHostProcess.js:29:120744)
	at U4.M (file:///opt/visual-studio-code/resources/app/out/vs/workbench/api/node/extensionHostProcess.js:29:119833)
	at U4.L (file:///opt/visual-studio-code/resources/app/out/vs/workbench/api/node/extensionHostProcess.js:29:118938)
	at od.value (file:///opt/visual-studio-code/resources/app/out/vs/workbench/api/node/extensionHostProcess.js:29:117735)
	at $.C (file:///opt/visual-studio-code/resources/app/out/vs/workbench/api/node/extensionHostProcess.js:27:2373)
	at $.fire (file:///opt/visual-studio-code/resources/app/out/vs/workbench/api/node/extensionHostProcess.js:27:2591)
	at Ao.fire (file:///opt/visual-studio-code/resources/app/out/vs/workbench/api/node/extensionHostProcess.js:29:9458)
	at od.value (file:///opt/visual-studio-code/resources/app/out/vs/workbench/api/node/extensionHostProcess.js:393:8616)
	at $.C (file:///opt/visual-studio-code/resources/app/out/vs/workbench/api/node/extensionHostProcess.js:27:2373)
	at $.fire (file:///opt/visual-studio-code/resources/app/out/vs/workbench/api/node/extensionHostProcess.js:27:2591)
	at Ao.fire (file:///opt/visual-studio-code/resources/app/out/vs/workbench/api/node/extensionHostProcess.js:29:9458)
	at MessagePortMain.<anonymous> (file:///opt/visual-studio-code/resources/app/out/vs/workbench/api/node/extensionHostProcess.js:393:6908)
	at MessagePortMain.emit (node:events:519:28)
	at MessagePortMain._internalPort.emit (node:electron/js2c/utility_init:2:2949)
2025-11-25 13:13:49.163 [error] TypeError: terminated
	at Fetch.onAborted (/opt/visual-studio-code/resources/app/node_modules/undici/lib/web/fetch/index.js:2042:49)
	at Fetch.emit (node:events:519:28)
	at Fetch.terminate (/opt/visual-studio-code/resources/app/node_modules/undici/lib/web/fetch/index.js:92:10)
	at Object.onError (/opt/visual-studio-code/resources/app/node_modules/undici/lib/web/fetch/index.js:2223:34)
	at Request.onError (node:internal/deps/undici/undici:2094:31)
	at Object.errorRequest (node:internal/deps/undici/undici:1591:17)
	at Socket.<anonymous> (node:internal/deps/undici/undici:6319:16)
	at Socket.emit (node:events:531:35)
	at TCP.<anonymous> (node:net:346:12)
2025-11-25 13:15:35.139 [error] Error: illegal state - object is disposed
	at K3.j (file:///opt/visual-studio-code/resources/app/out/vs/workbench/api/node/extensionHostProcess.js:142:100686)
	at K3.delete (file:///opt/visual-studio-code/resources/app/out/vs/workbench/api/node/extensionHostProcess.js:142:100204)
	at W.forgetDocument (/home/arch/.vscode/extensions/ms-python.vscode-pylance-2025.9.1/dist/vendor.bundle.js:2:7992156)
	at h.cleanUpDocument (/home/arch/.vscode/extensions/ms-python.vscode-pylance-2025.9.1/dist/vendor.bundle.js:2:8002356)
	at od.value (/home/arch/.vscode/extensions/ms-python.vscode-pylance-2025.9.1/dist/vendor.bundle.js:2:8001656)
	at $.C (file:///opt/visual-studio-code/resources/app/out/vs/workbench/api/node/extensionHostProcess.js:27:2373)
	at $.D (file:///opt/visual-studio-code/resources/app/out/vs/workbench/api/node/extensionHostProcess.js:27:2443)
	at $.fire (file:///opt/visual-studio-code/resources/app/out/vs/workbench/api/node/extensionHostProcess.js:27:2660)
	at od.I [as value] (/home/arch/.vscode/extensions/ms-python.vscode-pylance-2025.9.1/dist/vendor.bundle.js:2:1041034)
	at $.C (file:///opt/visual-studio-code/resources/app/out/vs/workbench/api/node/extensionHostProcess.js:27:2373)
	at $.D (file:///opt/visual-studio-code/resources/app/out/vs/workbench/api/node/extensionHostProcess.js:27:2443)
	at $.fire (file:///opt/visual-studio-code/resources/app/out/vs/workbench/api/node/extensionHostProcess.js:27:2660)
	at Ky.$acceptTabOperation (file:///opt/visual-studio-code/resources/app/out/vs/workbench/api/node/extensionHostProcess.js:123:25037)
	at U4.S (file:///opt/visual-studio-code/resources/app/out/vs/workbench/api/node/extensionHostProcess.js:29:120964)
	at U4.Q (file:///opt/visual-studio-code/resources/app/out/vs/workbench/api/node/extensionHostProcess.js:29:120744)
	at U4.M (file:///opt/visual-studio-code/resources/app/out/vs/workbench/api/node/extensionHostProcess.js:29:119833)
	at U4.L (file:///opt/visual-studio-code/resources/app/out/vs/workbench/api/node/extensionHostProcess.js:29:118938)
	at od.value (file:///opt/visual-studio-code/resources/app/out/vs/workbench/api/node/extensionHostProcess.js:29:117735)
	at $.C (file:///opt/visual-studio-code/resources/app/out/vs/workbench/api/node/extensionHostProcess.js:27:2373)
	at $.fire (file:///opt/visual-studio-code/resources/app/out/vs/workbench/api/node/extensionHostProcess.js:27:2591)
	at Ao.fire (file:///opt/visual-studio-code/resources/app/out/vs/workbench/api/node/extensionHostProcess.js:29:9458)
	at od.value (file:///opt/visual-studio-code/resources/app/out/vs/workbench/api/node/extensionHostProcess.js:393:8616)
	at $.C (file:///opt/visual-studio-code/resources/app/out/vs/workbench/api/node/extensionHostProcess.js:27:2373)
	at $.fire (file:///opt/visual-studio-code/resources/app/out/vs/workbench/api/node/extensionHostProcess.js:27:2591)
	at Ao.fire (file:///opt/visual-studio-code/resources/app/out/vs/workbench/api/node/extensionHostProcess.js:29:9458)
	at MessagePortMain.<anonymous> (file:///opt/visual-studio-code/resources/app/out/vs/workbench/api/node/extensionHostProcess.js:393:6908)
	at MessagePortMain.emit (node:events:519:28)
	at MessagePortMain._internalPort.emit (node:electron/js2c/utility_init:2:2949)
2025-11-25 13:15:35.139 [error] Error: illegal state - object is disposed
	at K3.j (file:///opt/visual-studio-code/resources/app/out/vs/workbench/api/node/extensionHostProcess.js:142:100686)
	at K3.delete (file:///opt/visual-studio-code/resources/app/out/vs/workbench/api/node/extensionHostProcess.js:142:100204)
	at W.forgetDocument (/home/arch/.vscode/extensions/ms-python.vscode-pylance-2025.9.1/dist/vendor.bundle.js:2:7992156)
	at h.cleanUpDocument (/home/arch/.vscode/extensions/ms-python.vscode-pylance-2025.9.1/dist/vendor.bundle.js:2:8002356)
	at od.value (/home/arch/.vscode/extensions/ms-python.vscode-pylance-2025.9.1/dist/vendor.bundle.js:2:8001656)
	at $.C (file:///opt/visual-studio-code/resources/app/out/vs/workbench/api/node/extensionHostProcess.js:27:2373)
	at $.D (file:///opt/visual-studio-code/resources/app/out/vs/workbench/api/node/extensionHostProcess.js:27:2443)
	at $.fire (file:///opt/visual-studio-code/resources/app/out/vs/workbench/api/node/extensionHostProcess.js:27:2660)
	at od.I [as value] (/home/arch/.vscode/extensions/ms-python.vscode-pylance-2025.9.1/dist/vendor.bundle.js:2:1041034)
	at $.C (file:///opt/visual-studio-code/resources/app/out/vs/workbench/api/node/extensionHostProcess.js:27:2373)
	at $.D (file:///opt/visual-studio-code/resources/app/out/vs/workbench/api/node/extensionHostProcess.js:27:2443)
	at $.fire (file:///opt/visual-studio-code/resources/app/out/vs/workbench/api/node/extensionHostProcess.js:27:2660)
	at Ky.$acceptTabOperation (file:///opt/visual-studio-code/resources/app/out/vs/workbench/api/node/extensionHostProcess.js:123:25037)
	at U4.S (file:///opt/visual-studio-code/resources/app/out/vs/workbench/api/node/extensionHostProcess.js:29:120964)
	at U4.Q (file:///opt/visual-studio-code/resources/app/out/vs/workbench/api/node/extensionHostProcess.js:29:120744)
	at U4.M (file:///opt/visual-studio-code/resources/app/out/vs/workbench/api/node/extensionHostProcess.js:29:119833)
	at U4.L (file:///opt/visual-studio-code/resources/app/out/vs/workbench/api/node/extensionHostProcess.js:29:118938)
	at od.value (file:///opt/visual-studio-code/resources/app/out/vs/workbench/api/node/extensionHostProcess.js:29:117735)
	at $.C (file:///opt/visual-studio-code/resources/app/out/vs/workbench/api/node/extensionHostProcess.js:27:2373)
	at $.fire (file:///opt/visual-studio-code/resources/app/out/vs/workbench/api/node/extensionHostProcess.js:27:2591)
	at Ao.fire (file:///opt/visual-studio-code/resources/app/out/vs/workbench/api/node/extensionHostProcess.js:29:9458)
	at od.value (file:///opt/visual-studio-code/resources/app/out/vs/workbench/api/node/extensionHostProcess.js:393:8616)
	at $.C (file:///opt/visual-studio-code/resources/app/out/vs/workbench/api/node/extensionHostProcess.js:27:2373)
	at $.fire (file:///opt/visual-studio-code/resources/app/out/vs/workbench/api/node/extensionHostProcess.js:27:2591)
	at Ao.fire (file:///opt/visual-studio-code/resources/app/out/vs/workbench/api/node/extensionHostProcess.js:29:9458)
	at MessagePortMain.<anonymous> (file:///opt/visual-studio-code/resources/app/out/vs/workbench/api/node/extensionHostProcess.js:393:6908)
	at MessagePortMain.emit (node:events:519:28)
	at MessagePortMain._internalPort.emit (node:electron/js2c/utility_init:2:2949)
2025-11-25 14:06:13.524 [error] TypeError: terminated
	at Fetch.onAborted (/opt/visual-studio-code/resources/app/node_modules/undici/lib/web/fetch/index.js:2042:49)
	at Fetch.emit (node:events:519:28)
	at Fetch.terminate (/opt/visual-studio-code/resources/app/node_modules/undici/lib/web/fetch/index.js:92:10)
	at Object.onError (/opt/visual-studio-code/resources/app/node_modules/undici/lib/web/fetch/index.js:2223:34)
	at Request.onError (node:internal/deps/undici/undici:2094:31)
	at Object.errorRequest (node:internal/deps/undici/undici:1591:17)
	at Socket.<anonymous> (node:internal/deps/undici/undici:6319:16)
	at Socket.emit (node:events:531:35)
	at TCP.<anonymous> (node:net:346:12)
2025-11-25 14:07:11.982 [error] Error: illegal state - object is disposed
	at K3.j (file:///opt/visual-studio-code/resources/app/out/vs/workbench/api/node/extensionHostProcess.js:142:100686)
	at K3.delete (file:///opt/visual-studio-code/resources/app/out/vs/workbench/api/node/extensionHostProcess.js:142:100204)
	at W.forgetDocument (/home/arch/.vscode/extensions/ms-python.vscode-pylance-2025.9.1/dist/vendor.bundle.js:2:7992156)
	at h.cleanUpDocument (/home/arch/.vscode/extensions/ms-python.vscode-pylance-2025.9.1/dist/vendor.bundle.js:2:8002356)
	at od.value (/home/arch/.vscode/extensions/ms-python.vscode-pylance-2025.9.1/dist/vendor.bundle.js:2:8001656)
	at $.C (file:///opt/visual-studio-code/resources/app/out/vs/workbench/api/node/extensionHostProcess.js:27:2373)
	at $.D (file:///opt/visual-studio-code/resources/app/out/vs/workbench/api/node/extensionHostProcess.js:27:2443)
	at $.fire (file:///opt/visual-studio-code/resources/app/out/vs/workbench/api/node/extensionHostProcess.js:27:2660)
	at od.I [as value] (/home/arch/.vscode/extensions/ms-python.vscode-pylance-2025.9.1/dist/vendor.bundle.js:2:1041034)
	at $.C (file:///opt/visual-studio-code/resources/app/out/vs/workbench/api/node/extensionHostProcess.js:27:2373)
	at $.D (file:///opt/visual-studio-code/resources/app/out/vs/workbench/api/node/extensionHostProcess.js:27:2443)
	at $.fire (file:///opt/visual-studio-code/resources/app/out/vs/workbench/api/node/extensionHostProcess.js:27:2660)
	at Ky.$acceptTabOperation (file:///opt/visual-studio-code/resources/app/out/vs/workbench/api/node/extensionHostProcess.js:123:25037)
	at U4.S (file:///opt/visual-studio-code/resources/app/out/vs/workbench/api/node/extensionHostProcess.js:29:120964)
	at U4.Q (file:///opt/visual-studio-code/resources/app/out/vs/workbench/api/node/extensionHostProcess.js:29:120744)
	at U4.M (file:///opt/visual-studio-code/resources/app/out/vs/workbench/api/node/extensionHostProcess.js:29:119833)
	at U4.L (file:///opt/visual-studio-code/resources/app/out/vs/workbench/api/node/extensionHostProcess.js:29:118938)
	at od.value (file:///opt/visual-studio-code/resources/app/out/vs/workbench/api/node/extensionHostProcess.js:29:117735)
	at $.C (file:///opt/visual-studio-code/resources/app/out/vs/workbench/api/node/extensionHostProcess.js:27:2373)
	at $.fire (file:///opt/visual-studio-code/resources/app/out/vs/workbench/api/node/extensionHostProcess.js:27:2591)
	at Ao.fire (file:///opt/visual-studio-code/resources/app/out/vs/workbench/api/node/extensionHostProcess.js:29:9458)
	at od.value (file:///opt/visual-studio-code/resources/app/out/vs/workbench/api/node/extensionHostProcess.js:393:8616)
	at $.C (file:///opt/visual-studio-code/resources/app/out/vs/workbench/api/node/extensionHostProcess.js:27:2373)
	at $.fire (file:///opt/visual-studio-code/resources/app/out/vs/workbench/api/node/extensionHostProcess.js:27:2591)
	at Ao.fire (file:///opt/visual-studio-code/resources/app/out/vs/workbench/api/node/extensionHostProcess.js:29:9458)
	at MessagePortMain.<anonymous> (file:///opt/visual-studio-code/resources/app/out/vs/workbench/api/node/extensionHostProcess.js:393:6908)
	at MessagePortMain.emit (node:events:519:28)
	at MessagePortMain._internalPort.emit (node:electron/js2c/utility_init:2:2949)
2025-11-25 14:07:11.982 [error] Error: illegal state - object is disposed
	at K3.j (file:///opt/visual-studio-code/resources/app/out/vs/workbench/api/node/extensionHostProcess.js:142:100686)
	at K3.delete (file:///opt/visual-studio-code/resources/app/out/vs/workbench/api/node/extensionHostProcess.js:142:100204)
	at W.forgetDocument (/home/arch/.vscode/extensions/ms-python.vscode-pylance-2025.9.1/dist/vendor.bundle.js:2:7992156)
	at h.cleanUpDocument (/home/arch/.vscode/extensions/ms-python.vscode-pylance-2025.9.1/dist/vendor.bundle.js:2:8002356)
	at od.value (/home/arch/.vscode/extensions/ms-python.vscode-pylance-2025.9.1/dist/vendor.bundle.js:2:8001656)
	at $.C (file:///opt/visual-studio-code/resources/app/out/vs/workbench/api/node/extensionHostProcess.js:27:2373)
	at $.D (file:///opt/visual-studio-code/resources/app/out/vs/workbench/api/node/extensionHostProcess.js:27:2443)
	at $.fire (file:///opt/visual-studio-code/resources/app/out/vs/workbench/api/node/extensionHostProcess.js:27:2660)
	at od.I [as value] (/home/arch/.vscode/extensions/ms-python.vscode-pylance-2025.9.1/dist/vendor.bundle.js:2:1041034)
	at $.C (file:///opt/visual-studio-code/resources/app/out/vs/workbench/api/node/extensionHostProcess.js:27:2373)
	at $.D (file:///opt/visual-studio-code/resources/app/out/vs/workbench/api/node/extensionHostProcess.js:27:2443)
	at $.fire (file:///opt/visual-studio-code/resources/app/out/vs/workbench/api/node/extensionHostProcess.js:27:2660)
	at Ky.$acceptTabOperation (file:///opt/visual-studio-code/resources/app/out/vs/workbench/api/node/extensionHostProcess.js:123:25037)
	at U4.S (file:///opt/visual-studio-code/resources/app/out/vs/workbench/api/node/extensionHostProcess.js:29:120964)
	at U4.Q (file:///opt/visual-studio-code/resources/app/out/vs/workbench/api/node/extensionHostProcess.js:29:120744)
	at U4.M (file:///opt/visual-studio-code/resources/app/out/vs/workbench/api/node/extensionHostProcess.js:29:119833)
	at U4.L (file:///opt/visual-studio-code/resources/app/out/vs/workbench/api/node/extensionHostProcess.js:29:118938)
	at od.value (file:///opt/visual-studio-code/resources/app/out/vs/workbench/api/node/extensionHostProcess.js:29:117735)
	at $.C (file:///opt/visual-studio-code/resources/app/out/vs/workbench/api/node/extensionHostProcess.js:27:2373)
	at $.fire (file:///opt/visual-studio-code/resources/app/out/vs/workbench/api/node/extensionHostProcess.js:27:2591)
	at Ao.fire (file:///opt/visual-studio-code/resources/app/out/vs/workbench/api/node/extensionHostProcess.js:29:9458)
	at od.value (file:///opt/visual-studio-code/resources/app/out/vs/workbench/api/node/extensionHostProcess.js:393:8616)
	at $.C (file:///opt/visual-studio-code/resources/app/out/vs/workbench/api/node/extensionHostProcess.js:27:2373)
	at $.fire (file:///opt/visual-studio-code/resources/app/out/vs/workbench/api/node/extensionHostProcess.js:27:2591)
	at Ao.fire (file:///opt/visual-studio-code/resources/app/out/vs/workbench/api/node/extensionHostProcess.js:29:9458)
	at MessagePortMain.<anonymous> (file:///opt/visual-studio-code/resources/app/out/vs/workbench/api/node/extensionHostProcess.js:393:6908)
	at MessagePortMain.emit (node:events:519:28)
	at MessagePortMain._internalPort.emit (node:electron/js2c/utility_init:2:2949)
2025-11-25 14:08:39.009 [error] Error: illegal state - object is disposed
	at K3.j (file:///opt/visual-studio-code/resources/app/out/vs/workbench/api/node/extensionHostProcess.js:142:100686)
	at K3.delete (file:///opt/visual-studio-code/resources/app/out/vs/workbench/api/node/extensionHostProcess.js:142:100204)
	at W.forgetDocument (/home/arch/.vscode/extensions/ms-python.vscode-pylance-2025.9.1/dist/vendor.bundle.js:2:7992156)
	at h.cleanUpDocument (/home/arch/.vscode/extensions/ms-python.vscode-pylance-2025.9.1/dist/vendor.bundle.js:2:8002356)
	at od.value (/home/arch/.vscode/extensions/ms-python.vscode-pylance-2025.9.1/dist/vendor.bundle.js:2:8001656)
	at $.C (file:///opt/visual-studio-code/resources/app/out/vs/workbench/api/node/extensionHostProcess.js:27:2373)
	at $.D (file:///opt/visual-studio-code/resources/app/out/vs/workbench/api/node/extensionHostProcess.js:27:2443)
	at $.fire (file:///opt/visual-studio-code/resources/app/out/vs/workbench/api/node/extensionHostProcess.js:27:2660)
	at od.I [as value] (/home/arch/.vscode/extensions/ms-python.vscode-pylance-2025.9.1/dist/vendor.bundle.js:2:1041034)
	at $.C (file:///opt/visual-studio-code/resources/app/out/vs/workbench/api/node/extensionHostProcess.js:27:2373)
	at $.D (file:///opt/visual-studio-code/resources/app/out/vs/workbench/api/node/extensionHostProcess.js:27:2443)
	at $.fire (file:///opt/visual-studio-code/resources/app/out/vs/workbench/api/node/extensionHostProcess.js:27:2660)
	at Ky.$acceptTabOperation (file:///opt/visual-studio-code/resources/app/out/vs/workbench/api/node/extensionHostProcess.js:123:25037)
	at U4.S (file:///opt/visual-studio-code/resources/app/out/vs/workbench/api/node/extensionHostProcess.js:29:120964)
	at U4.Q (file:///opt/visual-studio-code/resources/app/out/vs/workbench/api/node/extensionHostProcess.js:29:120744)
	at U4.M (file:///opt/visual-studio-code/resources/app/out/vs/workbench/api/node/extensionHostProcess.js:29:119833)
	at U4.L (file:///opt/visual-studio-code/resources/app/out/vs/workbench/api/node/extensionHostProcess.js:29:118938)
	at od.value (file:///opt/visual-studio-code/resources/app/out/vs/workbench/api/node/extensionHostProcess.js:29:117735)
	at $.C (file:///opt/visual-studio-code/resources/app/out/vs/workbench/api/node/extensionHostProcess.js:27:2373)
	at $.fire (file:///opt/visual-studio-code/resources/app/out/vs/workbench/api/node/extensionHostProcess.js:27:2591)
	at Ao.fire (file:///opt/visual-studio-code/resources/app/out/vs/workbench/api/node/extensionHostProcess.js:29:9458)
	at od.value (file:///opt/visual-studio-code/resources/app/out/vs/workbench/api/node/extensionHostProcess.js:393:8616)
	at $.C (file:///opt/visual-studio-code/resources/app/out/vs/workbench/api/node/extensionHostProcess.js:27:2373)
	at $.fire (file:///opt/visual-studio-code/resources/app/out/vs/workbench/api/node/extensionHostProcess.js:27:2591)
	at Ao.fire (file:///opt/visual-studio-code/resources/app/out/vs/workbench/api/node/extensionHostProcess.js:29:9458)
	at MessagePortMain.<anonymous> (file:///opt/visual-studio-code/resources/app/out/vs/workbench/api/node/extensionHostProcess.js:393:6908)
	at MessagePortMain.emit (node:events:519:28)
	at MessagePortMain._internalPort.emit (node:electron/js2c/utility_init:2:2949)
2025-11-25 14:08:39.010 [error] Error: illegal state - object is disposed
	at K3.j (file:///opt/visual-studio-code/resources/app/out/vs/workbench/api/node/extensionHostProcess.js:142:100686)
	at K3.delete (file:///opt/visual-studio-code/resources/app/out/vs/workbench/api/node/extensionHostProcess.js:142:100204)
	at W.forgetDocument (/home/arch/.vscode/extensions/ms-python.vscode-pylance-2025.9.1/dist/vendor.bundle.js:2:7992156)
	at h.cleanUpDocument (/home/arch/.vscode/extensions/ms-python.vscode-pylance-2025.9.1/dist/vendor.bundle.js:2:8002356)
	at od.value (/home/arch/.vscode/extensions/ms-python.vscode-pylance-2025.9.1/dist/vendor.bundle.js:2:8001656)
	at $.C (file:///opt/visual-studio-code/resources/app/out/vs/workbench/api/node/extensionHostProcess.js:27:2373)
	at $.D (file:///opt/visual-studio-code/resources/app/out/vs/workbench/api/node/extensionHostProcess.js:27:2443)
	at $.fire (file:///opt/visual-studio-code/resources/app/out/vs/workbench/api/node/extensionHostProcess.js:27:2660)
	at od.I [as value] (/home/arch/.vscode/extensions/ms-python.vscode-pylance-2025.9.1/dist/vendor.bundle.js:2:1041034)
	at $.C (file:///opt/visual-studio-code/resources/app/out/vs/workbench/api/node/extensionHostProcess.js:27:2373)
	at $.D (file:///opt/visual-studio-code/resources/app/out/vs/workbench/api/node/extensionHostProcess.js:27:2443)
	at $.fire (file:///opt/visual-studio-code/resources/app/out/vs/workbench/api/node/extensionHostProcess.js:27:2660)
	at Ky.$acceptTabOperation (file:///opt/visual-studio-code/resources/app/out/vs/workbench/api/node/extensionHostProcess.js:123:25037)
	at U4.S (file:///opt/visual-studio-code/resources/app/out/vs/workbench/api/node/extensionHostProcess.js:29:120964)
	at U4.Q (file:///opt/visual-studio-code/resources/app/out/vs/workbench/api/node/extensionHostProcess.js:29:120744)
	at U4.M (file:///opt/visual-studio-code/resources/app/out/vs/workbench/api/node/extensionHostProcess.js:29:119833)
	at U4.L (file:///opt/visual-studio-code/resources/app/out/vs/workbench/api/node/extensionHostProcess.js:29:118938)
	at od.value (file:///opt/visual-studio-code/resources/app/out/vs/workbench/api/node/extensionHostProcess.js:29:117735)
	at $.C (file:///opt/visual-studio-code/resources/app/out/vs/workbench/api/node/extensionHostProcess.js:27:2373)
	at $.fire (file:///opt/visual-studio-code/resources/app/out/vs/workbench/api/node/extensionHostProcess.js:27:2591)
	at Ao.fire (file:///opt/visual-studio-code/resources/app/out/vs/workbench/api/node/extensionHostProcess.js:29:9458)
	at od.value (file:///opt/visual-studio-code/resources/app/out/vs/workbench/api/node/extensionHostProcess.js:393:8616)
	at $.C (file:///opt/visual-studio-code/resources/app/out/vs/workbench/api/node/extensionHostProcess.js:27:2373)
	at $.fire (file:///opt/visual-studio-code/resources/app/out/vs/workbench/api/node/extensionHostProcess.js:27:2591)
	at Ao.fire (file:///opt/visual-studio-code/resources/app/out/vs/workbench/api/node/extensionHostProcess.js:29:9458)
	at MessagePortMain.<anonymous> (file:///opt/visual-studio-code/resources/app/out/vs/workbench/api/node/extensionHostProcess.js:393:6908)
	at MessagePortMain.emit (node:events:519:28)
	at MessagePortMain._internalPort.emit (node:electron/js2c/utility_init:2:2949)
2025-11-25 14:11:15.442 [error] TypeError: terminated
	at Fetch.onAborted (/opt/visual-studio-code/resources/app/node_modules/undici/lib/web/fetch/index.js:2042:49)
	at Fetch.emit (node:events:519:28)
	at Fetch.terminate (/opt/visual-studio-code/resources/app/node_modules/undici/lib/web/fetch/index.js:92:10)
	at Object.onError (/opt/visual-studio-code/resources/app/node_modules/undici/lib/web/fetch/index.js:2223:34)
	at Request.onError (node:internal/deps/undici/undici:2094:31)
	at Object.errorRequest (node:internal/deps/undici/undici:1591:17)
	at Socket.<anonymous> (node:internal/deps/undici/undici:6319:16)
	at Socket.emit (node:events:531:35)
	at TCP.<anonymous> (node:net:346:12)
2025-11-25 14:16:17.376 [error] TypeError: terminated
	at Fetch.onAborted (/opt/visual-studio-code/resources/app/node_modules/undici/lib/web/fetch/index.js:2042:49)
	at Fetch.emit (node:events:519:28)
	at Fetch.terminate (/opt/visual-studio-code/resources/app/node_modules/undici/lib/web/fetch/index.js:92:10)
	at Object.onError (/opt/visual-studio-code/resources/app/node_modules/undici/lib/web/fetch/index.js:2223:34)
	at Request.onError (node:internal/deps/undici/undici:2094:31)
	at Object.errorRequest (node:internal/deps/undici/undici:1591:17)
	at Socket.<anonymous> (node:internal/deps/undici/undici:6319:16)
	at Socket.emit (node:events:531:35)
	at TCP.<anonymous> (node:net:346:12)
2025-11-25 14:21:19.295 [error] TypeError: terminated
	at Fetch.onAborted (/opt/visual-studio-code/resources/app/node_modules/undici/lib/web/fetch/index.js:2042:49)
	at Fetch.emit (node:events:519:28)
	at Fetch.terminate (/opt/visual-studio-code/resources/app/node_modules/undici/lib/web/fetch/index.js:92:10)
	at Object.onError (/opt/visual-studio-code/resources/app/node_modules/undici/lib/web/fetch/index.js:2223:34)
	at Request.onError (node:internal/deps/undici/undici:2094:31)
	at Object.errorRequest (node:internal/deps/undici/undici:1591:17)
	at Socket.<anonymous> (node:internal/deps/undici/undici:6319:16)
	at Socket.emit (node:events:531:35)
	at TCP.<anonymous> (node:net:346:12)
2025-11-25 14:26:21.180 [error] TypeError: terminated
	at Fetch.onAborted (/opt/visual-studio-code/resources/app/node_modules/undici/lib/web/fetch/index.js:2042:49)
	at Fetch.emit (node:events:519:28)
	at Fetch.terminate (/opt/visual-studio-code/resources/app/node_modules/undici/lib/web/fetch/index.js:92:10)
	at Object.onError (/opt/visual-studio-code/resources/app/node_modules/undici/lib/web/fetch/index.js:2223:34)
	at Request.onError (node:internal/deps/undici/undici:2094:31)
	at Object.errorRequest (node:internal/deps/undici/undici:1591:17)
	at Socket.<anonymous> (node:internal/deps/undici/undici:6319:16)
	at Socket.emit (node:events:531:35)
	at TCP.<anonymous> (node:net:346:12)
2025-11-27 12:55:25.333 [error] TypeError: terminated
	at Fetch.onAborted (/opt/visual-studio-code/resources/app/node_modules/undici/lib/web/fetch/index.js:2042:49)
	at Fetch.emit (node:events:519:28)
	at Fetch.terminate (/opt/visual-studio-code/resources/app/node_modules/undici/lib/web/fetch/index.js:92:10)
	at Object.onError (/opt/visual-studio-code/resources/app/node_modules/undici/lib/web/fetch/index.js:2223:34)
	at Request.onError (node:internal/deps/undici/undici:2094:31)
	at Object.errorRequest (node:internal/deps/undici/undici:1591:17)
	at Socket.<anonymous> (node:internal/deps/undici/undici:6319:16)
	at Socket.emit (node:events:531:35)
	at TCP.<anonymous> (node:net:346:12)
2025-11-27 13:00:27.351 [error] TypeError: terminated
	at Fetch.onAborted (/opt/visual-studio-code/resources/app/node_modules/undici/lib/web/fetch/index.js:2042:49)
	at Fetch.emit (node:events:519:28)
	at Fetch.terminate (/opt/visual-studio-code/resources/app/node_modules/undici/lib/web/fetch/index.js:92:10)
	at Object.onError (/opt/visual-studio-code/resources/app/node_modules/undici/lib/web/fetch/index.js:2223:34)
	at Request.onError (node:internal/deps/undici/undici:2094:31)
	at Object.errorRequest (node:internal/deps/undici/undici:1591:17)
	at Socket.<anonymous> (node:internal/deps/undici/undici:6319:16)
	at Socket.emit (node:events:531:35)
	at TCP.<anonymous> (node:net:346:12)
2025-11-27 13:05:29.407 [error] TypeError: terminated
	at Fetch.onAborted (/opt/visual-studio-code/resources/app/node_modules/undici/lib/web/fetch/index.js:2042:49)
	at Fetch.emit (node:events:519:28)
	at Fetch.terminate (/opt/visual-studio-code/resources/app/node_modules/undici/lib/web/fetch/index.js:92:10)
	at Object.onError (/opt/visual-studio-code/resources/app/node_modules/undici/lib/web/fetch/index.js:2223:34)
	at Request.onError (node:internal/deps/undici/undici:2094:31)
	at Object.errorRequest (node:internal/deps/undici/undici:1591:17)
	at Socket.<anonymous> (node:internal/deps/undici/undici:6319:16)
	at Socket.emit (node:events:531:35)
	at TCP.<anonymous> (node:net:346:12)
2025-11-27 13:10:31.445 [error] TypeError: terminated
	at Fetch.onAborted (/opt/visual-studio-code/resources/app/node_modules/undici/lib/web/fetch/index.js:2042:49)
	at Fetch.emit (node:events:519:28)
	at Fetch.terminate (/opt/visual-studio-code/resources/app/node_modules/undici/lib/web/fetch/index.js:92:10)
	at Object.onError (/opt/visual-studio-code/resources/app/node_modules/undici/lib/web/fetch/index.js:2223:34)
	at Request.onError (node:internal/deps/undici/undici:2094:31)
	at Object.errorRequest (node:internal/deps/undici/undici:1591:17)
	at Socket.<anonymous> (node:internal/deps/undici/undici:6319:16)
	at Socket.emit (node:events:531:35)
	at TCP.<anonymous> (node:net:346:12)
2025-11-27 13:15:33.469 [error] TypeError: terminated
	at Fetch.onAborted (/opt/visual-studio-code/resources/app/node_modules/undici/lib/web/fetch/index.js:2042:49)
	at Fetch.emit (node:events:519:28)
	at Fetch.terminate (/opt/visual-studio-code/resources/app/node_modules/undici/lib/web/fetch/index.js:92:10)
	at Object.onError (/opt/visual-studio-code/resources/app/node_modules/undici/lib/web/fetch/index.js:2223:34)
	at Request.onError (node:internal/deps/undici/undici:2094:31)
	at Object.errorRequest (node:internal/deps/undici/undici:1591:17)
	at Socket.<anonymous> (node:internal/deps/undici/undici:6319:16)
	at Socket.emit (node:events:531:35)
	at TCP.<anonymous> (node:net:346:12)
2025-11-27 13:20:35.466 [error] TypeError: terminated
	at Fetch.onAborted (/opt/visual-studio-code/resources/app/node_modules/undici/lib/web/fetch/index.js:2042:49)
	at Fetch.emit (node:events:519:28)
	at Fetch.terminate (/opt/visual-studio-code/resources/app/node_modules/undici/lib/web/fetch/index.js:92:10)
	at Object.onError (/opt/visual-studio-code/resources/app/node_modules/undici/lib/web/fetch/index.js:2223:34)
	at Request.onError (node:internal/deps/undici/undici:2094:31)
	at Object.errorRequest (node:internal/deps/undici/undici:1591:17)
	at Socket.<anonymous> (node:internal/deps/undici/undici:6319:16)
	at Socket.emit (node:events:531:35)
	at TCP.<anonymous> (node:net:346:12)
2025-11-27 13:25:37.497 [error] TypeError: terminated
	at Fetch.onAborted (/opt/visual-studio-code/resources/app/node_modules/undici/lib/web/fetch/index.js:2042:49)
	at Fetch.emit (node:events:519:28)
	at Fetch.terminate (/opt/visual-studio-code/resources/app/node_modules/undici/lib/web/fetch/index.js:92:10)
	at Object.onError (/opt/visual-studio-code/resources/app/node_modules/undici/lib/web/fetch/index.js:2223:34)
	at Request.onError (node:internal/deps/undici/undici:2094:31)
	at Object.errorRequest (node:internal/deps/undici/undici:1591:17)
	at Socket.<anonymous> (node:internal/deps/undici/undici:6319:16)
	at Socket.emit (node:events:531:35)
	at TCP.<anonymous> (node:net:346:12)
2025-11-27 13:30:45.432 [error] TypeError: terminated
	at Fetch.onAborted (/opt/visual-studio-code/resources/app/node_modules/undici/lib/web/fetch/index.js:2042:49)
	at Fetch.emit (node:events:519:28)
	at Fetch.terminate (/opt/visual-studio-code/resources/app/node_modules/undici/lib/web/fetch/index.js:92:10)
	at Object.onError (/opt/visual-studio-code/resources/app/node_modules/undici/lib/web/fetch/index.js:2223:34)
	at Request.onError (node:internal/deps/undici/undici:2094:31)
	at Object.errorRequest (node:internal/deps/undici/undici:1591:17)
	at Socket.<anonymous> (node:internal/deps/undici/undici:6319:16)
	at Socket.emit (node:events:531:35)
	at TCP.<anonymous> (node:net:346:12)
2025-11-27 13:35:47.458 [error] TypeError: terminated
	at Fetch.onAborted (/opt/visual-studio-code/resources/app/node_modules/undici/lib/web/fetch/index.js:2042:49)
	at Fetch.emit (node:events:519:28)
	at Fetch.terminate (/opt/visual-studio-code/resources/app/node_modules/undici/lib/web/fetch/index.js:92:10)
	at Object.onError (/opt/visual-studio-code/resources/app/node_modules/undici/lib/web/fetch/index.js:2223:34)
	at Request.onError (node:internal/deps/undici/undici:2094:31)
	at Object.errorRequest (node:internal/deps/undici/undici:1591:17)
	at Socket.<anonymous> (node:internal/deps/undici/undici:6319:16)
	at Socket.emit (node:events:531:35)
	at TCP.<anonymous> (node:net:346:12)
2025-11-27 13:40:49.482 [error] TypeError: terminated
	at Fetch.onAborted (/opt/visual-studio-code/resources/app/node_modules/undici/lib/web/fetch/index.js:2042:49)
	at Fetch.emit (node:events:519:28)
	at Fetch.terminate (/opt/visual-studio-code/resources/app/node_modules/undici/lib/web/fetch/index.js:92:10)
	at Object.onError (/opt/visual-studio-code/resources/app/node_modules/undici/lib/web/fetch/index.js:2223:34)
	at Request.onError (node:internal/deps/undici/undici:2094:31)
	at Object.errorRequest (node:internal/deps/undici/undici:1591:17)
	at Socket.<anonymous> (node:internal/deps/undici/undici:6319:16)
	at Socket.emit (node:events:531:35)
	at TCP.<anonymous> (node:net:346:12)
2025-11-27 13:45:51.318 [error] TypeError: terminated
	at Fetch.onAborted (/opt/visual-studio-code/resources/app/node_modules/undici/lib/web/fetch/index.js:2042:49)
	at Fetch.emit (node:events:519:28)
	at Fetch.terminate (/opt/visual-studio-code/resources/app/node_modules/undici/lib/web/fetch/index.js:92:10)
	at Object.onError (/opt/visual-studio-code/resources/app/node_modules/undici/lib/web/fetch/index.js:2223:34)
	at Request.onError (node:internal/deps/undici/undici:2094:31)
	at Object.errorRequest (node:internal/deps/undici/undici:1591:17)
	at Socket.<anonymous> (node:internal/deps/undici/undici:6319:16)
	at Socket.emit (node:events:531:35)
	at TCP.<anonymous> (node:net:346:12)
2025-11-27 13:50:53.124 [error] TypeError: terminated
	at Fetch.onAborted (/opt/visual-studio-code/resources/app/node_modules/undici/lib/web/fetch/index.js:2042:49)
	at Fetch.emit (node:events:519:28)
	at Fetch.terminate (/opt/visual-studio-code/resources/app/node_modules/undici/lib/web/fetch/index.js:92:10)
	at Object.onError (/opt/visual-studio-code/resources/app/node_modules/undici/lib/web/fetch/index.js:2223:34)
	at Request.onError (node:internal/deps/undici/undici:2094:31)
	at Object.errorRequest (node:internal/deps/undici/undici:1591:17)
	at Socket.<anonymous> (node:internal/deps/undici/undici:6319:16)
	at Socket.emit (node:events:531:35)
	at TCP.<anonymous> (node:net:346:12)
2025-11-27 13:55:54.972 [error] TypeError: terminated
	at Fetch.onAborted (/opt/visual-studio-code/resources/app/node_modules/undici/lib/web/fetch/index.js:2042:49)
	at Fetch.emit (node:events:519:28)
	at Fetch.terminate (/opt/visual-studio-code/resources/app/node_modules/undici/lib/web/fetch/index.js:92:10)
	at Object.onError (/opt/visual-studio-code/resources/app/node_modules/undici/lib/web/fetch/index.js:2223:34)
	at Request.onError (node:internal/deps/undici/undici:2094:31)
	at Object.errorRequest (node:internal/deps/undici/undici:1591:17)
	at Socket.<anonymous> (node:internal/deps/undici/undici:6319:16)
	at Socket.emit (node:events:531:35)
	at TCP.<anonymous> (node:net:346:12)
2025-11-27 14:03:01.020 [error] TypeError: terminated
	at Fetch.onAborted (/opt/visual-studio-code/resources/app/node_modules/undici/lib/web/fetch/index.js:2042:49)
	at Fetch.emit (node:events:519:28)
	at Fetch.terminate (/opt/visual-studio-code/resources/app/node_modules/undici/lib/web/fetch/index.js:92:10)
	at Object.onError (/opt/visual-studio-code/resources/app/node_modules/undici/lib/web/fetch/index.js:2223:34)
	at Request.onError (node:internal/deps/undici/undici:2094:31)
	at Object.errorRequest (node:internal/deps/undici/undici:1591:17)
	at Socket.<anonymous> (node:internal/deps/undici/undici:6319:16)
	at Socket.emit (node:events:531:35)
	at TCP.<anonymous> (node:net:346:12)
2025-11-27 14:08:02.873 [error] TypeError: terminated
	at Fetch.onAborted (/opt/visual-studio-code/resources/app/node_modules/undici/lib/web/fetch/index.js:2042:49)
	at Fetch.emit (node:events:519:28)
	at Fetch.terminate (/opt/visual-studio-code/resources/app/node_modules/undici/lib/web/fetch/index.js:92:10)
	at Object.onError (/opt/visual-studio-code/resources/app/node_modules/undici/lib/web/fetch/index.js:2223:34)
	at Request.onError (node:internal/deps/undici/undici:2094:31)
	at Object.errorRequest (node:internal/deps/undici/undici:1591:17)
	at Socket.<anonymous> (node:internal/deps/undici/undici:6319:16)
	at Socket.emit (node:events:531:35)
	at TCP.<anonymous> (node:net:346:12)
2025-11-27 14:13:04.716 [error] TypeError: terminated
	at Fetch.onAborted (/opt/visual-studio-code/resources/app/node_modules/undici/lib/web/fetch/index.js:2042:49)
	at Fetch.emit (node:events:519:28)
	at Fetch.terminate (/opt/visual-studio-code/resources/app/node_modules/undici/lib/web/fetch/index.js:92:10)
	at Object.onError (/opt/visual-studio-code/resources/app/node_modules/undici/lib/web/fetch/index.js:2223:34)
	at Request.onError (node:internal/deps/undici/undici:2094:31)
	at Object.errorRequest (node:internal/deps/undici/undici:1591:17)
	at Socket.<anonymous> (node:internal/deps/undici/undici:6319:16)
	at Socket.emit (node:events:531:35)
	at TCP.<anonymous> (node:net:346:12)
2025-11-27 14:18:06.562 [error] TypeError: terminated
	at Fetch.onAborted (/opt/visual-studio-code/resources/app/node_modules/undici/lib/web/fetch/index.js:2042:49)
	at Fetch.emit (node:events:519:28)
	at Fetch.terminate (/opt/visual-studio-code/resources/app/node_modules/undici/lib/web/fetch/index.js:92:10)
	at Object.onError (/opt/visual-studio-code/resources/app/node_modules/undici/lib/web/fetch/index.js:2223:34)
	at Request.onError (node:internal/deps/undici/undici:2094:31)
	at Object.errorRequest (node:internal/deps/undici/undici:1591:17)
	at Socket.<anonymous> (node:internal/deps/undici/undici:6319:16)
	at Socket.emit (node:events:531:35)
	at TCP.<anonymous> (node:net:346:12)
2025-11-27 14:23:09.404 [error] TypeError: terminated
	at Fetch.onAborted (/opt/visual-studio-code/resources/app/node_modules/undici/lib/web/fetch/index.js:2042:49)
	at Fetch.emit (node:events:519:28)
	at Fetch.terminate (/opt/visual-studio-code/resources/app/node_modules/undici/lib/web/fetch/index.js:92:10)
	at Object.onError (/opt/visual-studio-code/resources/app/node_modules/undici/lib/web/fetch/index.js:2223:34)
	at Request.onError (node:internal/deps/undici/undici:2094:31)
	at Object.errorRequest (node:internal/deps/undici/undici:1591:17)
	at Socket.<anonymous> (node:internal/deps/undici/undici:6319:16)
	at Socket.emit (node:events:531:35)
	at TCP.<anonymous> (node:net:346:12)
2025-11-27 14:28:11.236 [error] TypeError: terminated
	at Fetch.onAborted (/opt/visual-studio-code/resources/app/node_modules/undici/lib/web/fetch/index.js:2042:49)
	at Fetch.emit (node:events:519:28)
	at Fetch.terminate (/opt/visual-studio-code/resources/app/node_modules/undici/lib/web/fetch/index.js:92:10)
	at Object.onError (/opt/visual-studio-code/resources/app/node_modules/undici/lib/web/fetch/index.js:2223:34)
	at Request.onError (node:internal/deps/undici/undici:2094:31)
	at Object.errorRequest (node:internal/deps/undici/undici:1591:17)
	at Socket.<anonymous> (node:internal/deps/undici/undici:6319:16)
	at Socket.emit (node:events:531:35)
	at TCP.<anonymous> (node:net:346:12)
2025-11-27 14:33:13.087 [error] TypeError: terminated
	at Fetch.onAborted (/opt/visual-studio-code/resources/app/node_modules/undici/lib/web/fetch/index.js:2042:49)
	at Fetch.emit (node:events:519:28)
	at Fetch.terminate (/opt/visual-studio-code/resources/app/node_modules/undici/lib/web/fetch/index.js:92:10)
	at Object.onError (/opt/visual-studio-code/resources/app/node_modules/undici/lib/web/fetch/index.js:2223:34)
	at Request.onError (node:internal/deps/undici/undici:2094:31)
	at Object.errorRequest (node:internal/deps/undici/undici:1591:17)
	at Socket.<anonymous> (node:internal/deps/undici/undici:6319:16)
	at Socket.emit (node:events:531:35)
	at TCP.<anonymous> (node:net:346:12)
2025-11-27 14:38:14.950 [error] TypeError: terminated
	at Fetch.onAborted (/opt/visual-studio-code/resources/app/node_modules/undici/lib/web/fetch/index.js:2042:49)
	at Fetch.emit (node:events:519:28)
	at Fetch.terminate (/opt/visual-studio-code/resources/app/node_modules/undici/lib/web/fetch/index.js:92:10)
	at Object.onError (/opt/visual-studio-code/resources/app/node_modules/undici/lib/web/fetch/index.js:2223:34)
	at Request.onError (node:internal/deps/undici/undici:2094:31)
	at Object.errorRequest (node:internal/deps/undici/undici:1591:17)
	at Socket.<anonymous> (node:internal/deps/undici/undici:6319:16)
	at Socket.emit (node:events:531:35)
	at TCP.<anonymous> (node:net:346:12)
2025-11-27 14:43:16.771 [error] TypeError: terminated
	at Fetch.onAborted (/opt/visual-studio-code/resources/app/node_modules/undici/lib/web/fetch/index.js:2042:49)
	at Fetch.emit (node:events:519:28)
	at Fetch.terminate (/opt/visual-studio-code/resources/app/node_modules/undici/lib/web/fetch/index.js:92:10)
	at Object.onError (/opt/visual-studio-code/resources/app/node_modules/undici/lib/web/fetch/index.js:2223:34)
	at Request.onError (node:internal/deps/undici/undici:2094:31)
	at Object.errorRequest (node:internal/deps/undici/undici:1591:17)
	at Socket.<anonymous> (node:internal/deps/undici/undici:6319:16)
	at Socket.emit (node:events:531:35)
	at TCP.<anonymous> (node:net:346:12)
2025-11-27 14:48:18.611 [error] TypeError: terminated
	at Fetch.onAborted (/opt/visual-studio-code/resources/app/node_modules/undici/lib/web/fetch/index.js:2042:49)
	at Fetch.emit (node:events:519:28)
	at Fetch.terminate (/opt/visual-studio-code/resources/app/node_modules/undici/lib/web/fetch/index.js:92:10)
	at Object.onError (/opt/visual-studio-code/resources/app/node_modules/undici/lib/web/fetch/index.js:2223:34)
	at Request.onError (node:internal/deps/undici/undici:2094:31)
	at Object.errorRequest (node:internal/deps/undici/undici:1591:17)
	at Socket.<anonymous> (node:internal/deps/undici/undici:6319:16)
	at Socket.emit (node:events:531:35)
	at TCP.<anonymous> (node:net:346:12)
2025-11-27 14:53:20.441 [error] TypeError: terminated
	at Fetch.onAborted (/opt/visual-studio-code/resources/app/node_modules/undici/lib/web/fetch/index.js:2042:49)
	at Fetch.emit (node:events:519:28)
	at Fetch.terminate (/opt/visual-studio-code/resources/app/node_modules/undici/lib/web/fetch/index.js:92:10)
	at Object.onError (/opt/visual-studio-code/resources/app/node_modules/undici/lib/web/fetch/index.js:2223:34)
	at Request.onError (node:internal/deps/undici/undici:2094:31)
	at Object.errorRequest (node:internal/deps/undici/undici:1591:17)
	at Socket.<anonymous> (node:internal/deps/undici/undici:6319:16)
	at Socket.emit (node:events:531:35)
	at TCP.<anonymous> (node:net:346:12)
2025-11-27 14:58:22.285 [error] TypeError: terminated
	at Fetch.onAborted (/opt/visual-studio-code/resources/app/node_modules/undici/lib/web/fetch/index.js:2042:49)
	at Fetch.emit (node:events:519:28)
	at Fetch.terminate (/opt/visual-studio-code/resources/app/node_modules/undici/lib/web/fetch/index.js:92:10)
	at Object.onError (/opt/visual-studio-code/resources/app/node_modules/undici/lib/web/fetch/index.js:2223:34)
	at Request.onError (node:internal/deps/undici/undici:2094:31)
	at Object.errorRequest (node:internal/deps/undici/undici:1591:17)
	at Socket.<anonymous> (node:internal/deps/undici/undici:6319:16)
	at Socket.emit (node:events:531:35)
	at TCP.<anonymous> (node:net:346:12)
2025-11-27 15:03:24.113 [error] TypeError: terminated
	at Fetch.onAborted (/opt/visual-studio-code/resources/app/node_modules/undici/lib/web/fetch/index.js:2042:49)
	at Fetch.emit (node:events:519:28)
	at Fetch.terminate (/opt/visual-studio-code/resources/app/node_modules/undici/lib/web/fetch/index.js:92:10)
	at Object.onError (/opt/visual-studio-code/resources/app/node_modules/undici/lib/web/fetch/index.js:2223:34)
	at Request.onError (node:internal/deps/undici/undici:2094:31)
	at Object.errorRequest (node:internal/deps/undici/undici:1591:17)
	at Socket.<anonymous> (node:internal/deps/undici/undici:6319:16)
	at Socket.emit (node:events:531:35)
	at TCP.<anonymous> (node:net:346:12)
2025-11-27 15:08:25.943 [error] TypeError: terminated
	at Fetch.onAborted (/opt/visual-studio-code/resources/app/node_modules/undici/lib/web/fetch/index.js:2042:49)
	at Fetch.emit (node:events:519:28)
	at Fetch.terminate (/opt/visual-studio-code/resources/app/node_modules/undici/lib/web/fetch/index.js:92:10)
	at Object.onError (/opt/visual-studio-code/resources/app/node_modules/undici/lib/web/fetch/index.js:2223:34)
	at Request.onError (node:internal/deps/undici/undici:2094:31)
	at Object.errorRequest (node:internal/deps/undici/undici:1591:17)
	at Socket.<anonymous> (node:internal/deps/undici/undici:6319:16)
	at Socket.emit (node:events:531:35)
	at TCP.<anonymous> (node:net:346:12)
2025-11-27 15:13:27.825 [error] TypeError: terminated
	at Fetch.onAborted (/opt/visual-studio-code/resources/app/node_modules/undici/lib/web/fetch/index.js:2042:49)
	at Fetch.emit (node:events:519:28)
	at Fetch.terminate (/opt/visual-studio-code/resources/app/node_modules/undici/lib/web/fetch/index.js:92:10)
	at Object.onError (/opt/visual-studio-code/resources/app/node_modules/undici/lib/web/fetch/index.js:2223:34)
	at Request.onError (node:internal/deps/undici/undici:2094:31)
	at Object.errorRequest (node:internal/deps/undici/undici:1591:17)
	at Socket.<anonymous> (node:internal/deps/undici/undici:6319:16)
	at Socket.emit (node:events:531:35)
	at TCP.<anonymous> (node:net:346:12)
2025-11-27 15:18:29.674 [error] TypeError: terminated
	at Fetch.onAborted (/opt/visual-studio-code/resources/app/node_modules/undici/lib/web/fetch/index.js:2042:49)
	at Fetch.emit (node:events:519:28)
	at Fetch.terminate (/opt/visual-studio-code/resources/app/node_modules/undici/lib/web/fetch/index.js:92:10)
	at Object.onError (/opt/visual-studio-code/resources/app/node_modules/undici/lib/web/fetch/index.js:2223:34)
	at Request.onError (node:internal/deps/undici/undici:2094:31)
	at Object.errorRequest (node:internal/deps/undici/undici:1591:17)
	at Socket.<anonymous> (node:internal/deps/undici/undici:6319:16)
	at Socket.emit (node:events:531:35)
	at TCP.<anonymous> (node:net:346:12)
2025-11-27 15:23:31.523 [error] TypeError: terminated
	at Fetch.onAborted (/opt/visual-studio-code/resources/app/node_modules/undici/lib/web/fetch/index.js:2042:49)
	at Fetch.emit (node:events:519:28)
	at Fetch.terminate (/opt/visual-studio-code/resources/app/node_modules/undici/lib/web/fetch/index.js:92:10)
	at Object.onError (/opt/visual-studio-code/resources/app/node_modules/undici/lib/web/fetch/index.js:2223:34)
	at Request.onError (node:internal/deps/undici/undici:2094:31)
	at Object.errorRequest (node:internal/deps/undici/undici:1591:17)
	at Socket.<anonymous> (node:internal/deps/undici/undici:6319:16)
	at Socket.emit (node:events:531:35)
	at TCP.<anonymous> (node:net:346:12)
2025-11-27 15:28:33.343 [error] TypeError: terminated
	at Fetch.onAborted (/opt/visual-studio-code/resources/app/node_modules/undici/lib/web/fetch/index.js:2042:49)
	at Fetch.emit (node:events:519:28)
	at Fetch.terminate (/opt/visual-studio-code/resources/app/node_modules/undici/lib/web/fetch/index.js:92:10)
	at Object.onError (/opt/visual-studio-code/resources/app/node_modules/undici/lib/web/fetch/index.js:2223:34)
	at Request.onError (node:internal/deps/undici/undici:2094:31)
	at Object.errorRequest (node:internal/deps/undici/undici:1591:17)
	at Socket.<anonymous> (node:internal/deps/undici/undici:6319:16)
	at Socket.emit (node:events:531:35)
	at TCP.<anonymous> (node:net:346:12)
2025-11-27 15:33:35.177 [error] TypeError: terminated
	at Fetch.onAborted (/opt/visual-studio-code/resources/app/node_modules/undici/lib/web/fetch/index.js:2042:49)
	at Fetch.emit (node:events:519:28)
	at Fetch.terminate (/opt/visual-studio-code/resources/app/node_modules/undici/lib/web/fetch/index.js:92:10)
	at Object.onError (/opt/visual-studio-code/resources/app/node_modules/undici/lib/web/fetch/index.js:2223:34)
	at Request.onError (node:internal/deps/undici/undici:2094:31)
	at Object.errorRequest (node:internal/deps/undici/undici:1591:17)
	at Socket.<anonymous> (node:internal/deps/undici/undici:6319:16)
	at Socket.emit (node:events:531:35)
	at TCP.<anonymous> (node:net:346:12)
2025-11-27 15:38:36.991 [error] TypeError: terminated
	at Fetch.onAborted (/opt/visual-studio-code/resources/app/node_modules/undici/lib/web/fetch/index.js:2042:49)
	at Fetch.emit (node:events:519:28)
	at Fetch.terminate (/opt/visual-studio-code/resources/app/node_modules/undici/lib/web/fetch/index.js:92:10)
	at Object.onError (/opt/visual-studio-code/resources/app/node_modules/undici/lib/web/fetch/index.js:2223:34)
	at Request.onError (node:internal/deps/undici/undici:2094:31)
	at Object.errorRequest (node:internal/deps/undici/undici:1591:17)
	at Socket.<anonymous> (node:internal/deps/undici/undici:6319:16)
	at Socket.emit (node:events:531:35)
	at TCP.<anonymous> (node:net:346:12)
2025-11-27 15:43:38.758 [error] TypeError: terminated
	at Fetch.onAborted (/opt/visual-studio-code/resources/app/node_modules/undici/lib/web/fetch/index.js:2042:49)
	at Fetch.emit (node:events:519:28)
	at Fetch.terminate (/opt/visual-studio-code/resources/app/node_modules/undici/lib/web/fetch/index.js:92:10)
	at Object.onError (/opt/visual-studio-code/resources/app/node_modules/undici/lib/web/fetch/index.js:2223:34)
	at Request.onError (node:internal/deps/undici/undici:2094:31)
	at Object.errorRequest (node:internal/deps/undici/undici:1591:17)
	at Socket.<anonymous> (node:internal/deps/undici/undici:6319:16)
	at Socket.emit (node:events:531:35)
	at TCP.<anonymous> (node:net:346:12)
2025-11-27 15:48:40.528 [error] TypeError: terminated
	at Fetch.onAborted (/opt/visual-studio-code/resources/app/node_modules/undici/lib/web/fetch/index.js:2042:49)
	at Fetch.emit (node:events:519:28)
	at Fetch.terminate (/opt/visual-studio-code/resources/app/node_modules/undici/lib/web/fetch/index.js:92:10)
	at Object.onError (/opt/visual-studio-code/resources/app/node_modules/undici/lib/web/fetch/index.js:2223:34)
	at Request.onError (node:internal/deps/undici/undici:2094:31)
	at Object.errorRequest (node:internal/deps/undici/undici:1591:17)
	at Socket.<anonymous> (node:internal/deps/undici/undici:6319:16)
	at Socket.emit (node:events:531:35)
	at TCP.<anonymous> (node:net:346:12)
2025-11-28 18:52:55.357 [info] Extension host terminating: renderer closed the MessagePort
2025-11-28 18:52:55.360 [info] Extension host with pid 13482 exiting with code 0
2025-11-28 18:52:55.361 [info] Extension host terminating: renderer closed the MessagePort
2025-11-28 18:52:55.385 [error] TypeError: Cannot read properties of undefined (reading 'subscriptions')
	at Object.X [as deactivate] (/home/arch/.vscode/extensions/ms-python.vscode-python-envs-1.10.0-linux-x64/dist/extension.js:2:668401)
	at SZ.eb (file:///opt/visual-studio-code/resources/app/out/vs/workbench/api/node/extensionHostProcess.js:118:11797)
	at file:///opt/visual-studio-code/resources/app/out/vs/workbench/api/node/extensionHostProcess.js:118:9947
	at Array.map (<anonymous>)
	at SZ.$ (file:///opt/visual-studio-code/resources/app/out/vs/workbench/api/node/extensionHostProcess.js:118:9935)
	at SZ.terminate (file:///opt/visual-studio-code/resources/app/out/vs/workbench/api/node/extensionHostProcess.js:118:10178)
	at H3.terminate (file:///opt/visual-studio-code/resources/app/out/vs/workbench/api/node/extensionHostProcess.js:120:914)
	at Ss (file:///opt/visual-studio-code/resources/app/out/vs/workbench/api/node/extensionHostProcess.js:393:10409)
	at MessagePortMain.<anonymous> (file:///opt/visual-studio-code/resources/app/out/vs/workbench/api/node/extensionHostProcess.js:393:6948)
	at MessagePortMain.emit (node:events:519:28)
	at MessagePortMain._internalPort.emit (node:electron/js2c/utility_init:2:2949)
2025-11-28 18:52:55.388 [info] Extension host with pid 13460 exiting with code 0
