2025-12-02 13:02:51.006 [info] Configuration changed
2025-12-02 13:02:51.687 [info] Configuration changed
2025-12-02 13:02:53.033 [info] Configuration changed
2025-12-02 13:02:55.081 [info] Configuration changed
2025-12-02 13:27:39.724 [info] Configuration changed
2025-12-02 13:27:39.806 [info] Configuration changed
2025-12-02 13:27:39.988 [info] Configuration changed
2025-12-02 13:27:50.960 [info] Configuration changed
2025-12-02 13:27:55.752 [info] Active editor: file:///home/arch/code/pig/moe/player.py
2025-12-02 13:27:57.734 [info] Configuration changed
2025-12-02 13:27:58.491 [info] Configuration changed
2025-12-02 13:28:13.300 [info] Active editor: file:///home/arch/code/pig/moe/main.py
2025-12-02 13:28:15.469 [info] Active editor: file:///home/arch/code/pig/moe/blocks.pt
2025-12-02 13:28:18.646 [info] Active editor: file:///home/arch/code/pig/moe/camera.py
2025-12-02 13:28:19.783 [info] Active editor: file:///home/arch/code/pig/moe/blocks.pt
2025-12-02 13:28:22.854 [info] /home/arch/code/pig/moe/blocks.pt closed
2025-12-02 13:28:22.936 [info] Active editor: file:///home/arch/code/pig/moe/blocks.py
2025-12-02 13:28:32.732 [info] Active editor: file:///home/arch/code/pig/moe/camera.py
2025-12-02 13:28:41.047 [info] Active editor: file:///home/arch/code/pig/moe/blocks.py
2025-12-02 13:28:50.861 [info] Active editor: file:///home/arch/code/pig/moe/player.py
2025-12-02 13:29:02.500 [info] Active editor: file:///home/arch/code/pig/moe/main.py
2025-12-02 13:29:08.095 [info] Active editor: file:///home/arch/code/pig/moe/camera.py
2025-12-02 13:29:09.472 [info] Active editor: file:///home/arch/code/pig/moe/player.py
2025-12-02 13:29:11.268 [info] Active editor: file:///home/arch/code/pig/moe/camera.py
2025-12-02 13:29:12.618 [info] Active editor: file:///home/arch/code/pig/moe/blocks.py
2025-12-02 13:31:46.081 [info] Active editor: file:///home/arch/code/pig/moe/player.py
2025-12-02 13:33:56.564 [info] Active editor: file:///home/arch/code/pig/moe/main.py
