2025-12-07 14:45:42.075 [info] [main] Log level: Info
2025-12-07 14:45:42.075 [info] [main] Validating found git in: "git"
2025-12-07 14:45:42.075 [info] [main] Using git "2.52.0" from "git"
2025-12-07 14:45:42.075 [info] [Model][doInitialScan] Initial repository scan started
2025-12-07 14:45:42.075 [info] > git rev-parse --show-toplevel [8ms]
2025-12-07 14:45:42.075 [info] fatal: not a git repository (or any of the parent directories): .git
2025-12-07 14:45:42.075 [info] > git rev-parse --show-toplevel [1ms]
2025-12-07 14:45:42.075 [info] fatal: not a git repository (or any of the parent directories): .git
2025-12-07 14:45:42.075 [info] > git rev-parse --show-toplevel [2ms]
2025-12-07 14:45:42.075 [info] fatal: not a git repository (or any of the parent directories): .git
2025-12-07 14:45:42.075 [info] > git rev-parse --show-toplevel [1ms]
2025-12-07 14:45:42.075 [info] fatal: not a git repository (or any of the parent directories): .git
2025-12-07 14:45:42.075 [info] > git rev-parse --show-toplevel [1ms]
2025-12-07 14:45:42.075 [info] fatal: not a git repository (or any of the parent directories): .git
2025-12-07 14:45:42.075 [info] [Model][doInitialScan] Initial repository scan completed - repositories (0), closed repositories (0), parent repositories (0), unsafe repositories (0)
2025-12-07 14:45:43.289 [info] > git rev-parse --show-toplevel [1ms]
2025-12-07 14:45:43.289 [info] fatal: not a git repository (or any of the parent directories): .git
2025-12-07 14:45:47.119 [info] > git rev-parse --show-toplevel [1ms]
2025-12-07 14:45:47.119 [info] fatal: not a git repository (or any of the parent directories): .git
2025-12-07 14:45:47.128 [info] > git rev-parse --show-toplevel [1ms]
2025-12-07 14:45:47.129 [info] fatal: not a git repository (or any of the parent directories): .git
