2025-11-04 17:28:24.389 [info] [main] Log level: Info
2025-11-04 17:28:24.389 [info] [main] Validating found git in: "git"
2025-11-04 17:28:24.389 [info] [main] Using git "2.51.2" from "git"
2025-11-04 17:28:24.389 [info] [Model][doInitialScan] Initial repository scan started
2025-11-04 17:28:24.389 [info] [Model][doInitialScan] Initial repository scan completed - repositories (0), closed repositories (0), parent repositories (0), unsafe repositories (0)
2025-11-04 17:28:53.379 [info] [main] Log level: Info
2025-11-04 17:28:53.379 [info] [main] Validating found git in: "git"
2025-11-04 17:28:53.379 [info] [main] Using git "2.51.2" from "git"
2025-11-04 17:28:53.379 [info] [Model][doInitialScan] Initial repository scan started
2025-11-04 17:28:53.379 [info] > git rev-parse --show-toplevel [13ms]
2025-11-04 17:28:53.379 [info] fatal: not a git repository (or any of the parent directories): .git
2025-11-04 17:28:53.391 [info] > git rev-parse --show-toplevel [3ms]
2025-11-04 17:28:53.391 [info] fatal: not a git repository (or any of the parent directories): .git
2025-11-04 17:28:53.399 [info] > git rev-parse --show-toplevel [2ms]
2025-11-04 17:28:53.399 [info] fatal: not a git repository (or any of the parent directories): .git
2025-11-04 17:28:53.408 [info] > git rev-parse --show-toplevel [3ms]
2025-11-04 17:28:53.408 [info] fatal: not a git repository (or any of the parent directories): .git
2025-11-04 17:28:53.418 [info] > git rev-parse --show-toplevel [2ms]
2025-11-04 17:28:53.418 [info] fatal: not a git repository (or any of the parent directories): .git
2025-11-04 17:28:53.427 [info] > git rev-parse --show-toplevel [2ms]
2025-11-04 17:28:53.427 [info] fatal: not a git repository (or any of the parent directories): .git
2025-11-04 17:28:53.430 [info] [Model][doInitialScan] Initial repository scan completed - repositories (0), closed repositories (0), parent repositories (0), unsafe repositories (0)
2025-11-04 17:28:54.213 [info] > git rev-parse --show-toplevel [5ms]
2025-11-04 17:28:54.213 [info] fatal: not a git repository (or any of the parent directories): .git
