2025-11-25 13:08:25.750 [info] Configuration changed
2025-11-25 13:08:29.675 [info] Configuration changed
2025-11-25 13:08:29.683 [info] Configuration changed
2025-11-25 13:08:29.705 [info] Configuration changed
2025-11-25 13:08:41.238 [info] Active editor: untitled:Untitled-1
2025-11-25 13:08:43.777 [info] Untitled-1 closed
2025-11-25 13:08:44.434 [info] Configuration changed
2025-11-25 13:08:49.127 [warning] invalid cursor position. [[178, 25] | [178, 25]].
2025-11-25 13:08:49.127 [warning] invalid cursor position. [[178, 25] | [178, 25]].
2025-11-25 13:09:23.055 [info] /home/arch/Documents/snake_game.py closed
2025-11-25 13:09:23.065 [info] Untitled-1 closed
2025-11-25 13:09:23.124 [info] Active editor: file:///home/arch/Documents/snake_game.py
2025-11-25 13:15:24.753 [info] Active editor: untitled:Untitled-1
2025-11-25 13:15:27.323 [info] Untitled-1 closed
2025-11-25 13:15:35.120 [info] /home/arch/Documents/snake.py closed
2025-11-25 13:15:35.129 [info] Untitled-1 closed
2025-11-25 13:15:35.153 [info] Active editor: file:///home/arch/Documents/snake.py
2025-11-25 14:06:58.399 [info] Active editor: untitled:Untitled-1
2025-11-25 14:07:05.589 [info] Untitled-1 closed
2025-11-25 14:07:11.966 [info] /home/arch/Documents/my_new.py closed
2025-11-25 14:07:11.972 [info] Untitled-1 closed
2025-11-25 14:07:11.996 [info] Active editor: file:///home/arch/Documents/my_new.py
2025-11-25 14:08:32.443 [info] Active editor: untitled:Untitled-1
2025-11-25 14:08:34.159 [info] Untitled-1 closed
2025-11-25 14:08:38.994 [info] /home/arch/Documents/new.py closed
2025-11-25 14:08:39.000 [info] Untitled-1 closed
2025-11-25 14:08:39.022 [info] Active editor: file:///home/arch/Documents/new.py
