2025-11-25 13:08:32.707 [info] Getting Manifest... charliermarsh.ruff
2025-11-25 13:08:32.708 [info] Getting Manifest... ms-python.debugpy
2025-11-25 13:08:32.709 [info] Getting Manifest... ms-python.python
2025-11-25 13:08:32.709 [info] Getting Manifest... ms-python.vscode-pylance
2025-11-25 13:08:32.710 [info] Getting Manifest... ms-python.vscode-python-envs
2025-11-25 13:08:32.710 [info] Getting Manifest... vscodevim.vim
2025-11-25 13:08:32.908 [info] Installing extension: vscodevim.vim {"productVersion":{"version":"1.105.1","date":"2025-10-14T22:33:36.618Z"},"pinned":false,"operation":3,"isApplicationScoped":false,"profileLocation":{"$mid":1,"external":"vscode-userdata:/home/arch/.vscode/extensions/extensions.json","path":"/home/arch/.vscode/extensions/extensions.json","scheme":"vscode-userdata"}}
2025-11-25 13:08:32.909 [info] Installing extension: charliermarsh.ruff {"productVersion":{"version":"1.105.1","date":"2025-10-14T22:33:36.618Z"},"pinned":false,"operation":3,"isApplicationScoped":false,"profileLocation":{"$mid":1,"external":"vscode-userdata:/home/arch/.vscode/extensions/extensions.json","path":"/home/arch/.vscode/extensions/extensions.json","scheme":"vscode-userdata"}}
2025-11-25 13:08:32.954 [info] Installing extension: ms-python.vscode-pylance {"productVersion":{"version":"1.105.1","date":"2025-10-14T22:33:36.618Z"},"pinned":false,"operation":3,"isApplicationScoped":false,"profileLocation":{"$mid":1,"external":"vscode-userdata:/home/arch/.vscode/extensions/extensions.json","path":"/home/arch/.vscode/extensions/extensions.json","scheme":"vscode-userdata"}}
2025-11-25 13:08:32.955 [info] Installing extension: ms-python.debugpy {"productVersion":{"version":"1.105.1","date":"2025-10-14T22:33:36.618Z"},"pinned":false,"operation":3,"isApplicationScoped":false,"profileLocation":{"$mid":1,"external":"vscode-userdata:/home/arch/.vscode/extensions/extensions.json","path":"/home/arch/.vscode/extensions/extensions.json","scheme":"vscode-userdata"}}
2025-11-25 13:08:32.956 [info] Installing extension: ms-python.python {"productVersion":{"version":"1.105.1","date":"2025-10-14T22:33:36.618Z"},"pinned":false,"operation":3,"isApplicationScoped":false,"profileLocation":{"$mid":1,"external":"vscode-userdata:/home/arch/.vscode/extensions/extensions.json","path":"/home/arch/.vscode/extensions/extensions.json","scheme":"vscode-userdata"}}
2025-11-25 13:08:32.957 [info] Installing extension: ms-python.vscode-python-envs {"productVersion":{"version":"1.105.1","date":"2025-10-14T22:33:36.618Z"},"pinned":false,"operation":3,"isApplicationScoped":false,"profileLocation":{"$mid":1,"external":"vscode-userdata:/home/arch/.vscode/extensions/extensions.json","path":"/home/arch/.vscode/extensions/extensions.json","scheme":"vscode-userdata"}}
2025-11-25 13:08:33.871 [info] Getting Manifest... ms-python.python
2025-11-25 13:08:33.872 [info] Getting Manifest... ms-python.python
2025-11-25 13:08:36.894 [info] Extension signature verification result for vscodevim.vim: Success. Internal Code: 0. Executed: true. Duration: 2094ms.
2025-11-25 13:08:36.932 [info] Extracted extension to file:///home/arch/.vscode/extensions/vscodevim.vim-1.32.1: vscodevim.vim
2025-11-25 13:08:36.936 [info] Renamed to /home/arch/.vscode/extensions/vscodevim.vim-1.32.1
2025-11-25 13:08:36.946 [info] Marked extension as removed vscodevim.vim-1.31.0
2025-11-25 13:08:36.951 [info] Extension installed successfully: vscodevim.vim vscode-userdata:/home/arch/.vscode/extensions/extensions.json
2025-11-25 13:08:38.419 [info] Extension signature verification result for ms-python.vscode-python-envs: Success. Internal Code: 0. Executed: true. Duration: 993ms.
2025-11-25 13:08:38.562 [info] Extracted extension to file:///home/arch/.vscode/extensions/ms-python.vscode-python-envs-1.12.0-linux-x64: ms-python.vscode-python-envs
2025-11-25 13:08:38.566 [info] Renamed to /home/arch/.vscode/extensions/ms-python.vscode-python-envs-1.12.0-linux-x64
2025-11-25 13:08:38.575 [info] Marked extension as removed ms-python.vscode-python-envs-1.10.0-linux-x64
2025-11-25 13:08:38.579 [info] Extension installed successfully: ms-python.vscode-python-envs vscode-userdata:/home/arch/.vscode/extensions/extensions.json
2025-11-25 13:08:38.708 [info] Extension signature verification result for ms-python.python: Success. Internal Code: 0. Executed: true. Duration: 463ms.
2025-11-25 13:08:39.351 [info] Extracted extension to file:///home/arch/.vscode/extensions/ms-python.python-2025.18.0-linux-x64: ms-python.python
2025-11-25 13:08:39.400 [info] Renamed to /home/arch/.vscode/extensions/ms-python.python-2025.18.0-linux-x64
2025-11-25 13:08:39.413 [info] Marked extension as removed ms-python.python-2025.16.0-linux-x64
2025-11-25 13:08:39.417 [info] Extension installed successfully: ms-python.python vscode-userdata:/home/arch/.vscode/extensions/extensions.json
2025-11-25 13:08:39.437 [info] Extension signature verification result for ms-python.debugpy: Success. Internal Code: 0. Executed: true. Duration: 489ms.
2025-11-25 13:08:39.660 [info] Extracted extension to file:///home/arch/.vscode/extensions/ms-python.debugpy-2025.16.0-linux-x64: ms-python.debugpy
2025-11-25 13:08:39.670 [info] Renamed to /home/arch/.vscode/extensions/ms-python.debugpy-2025.16.0-linux-x64
2025-11-25 13:08:39.680 [info] Marked extension as removed ms-python.debugpy-2025.14.1-linux-x64
2025-11-25 13:08:39.684 [info] Extension installed successfully: ms-python.debugpy vscode-userdata:/home/arch/.vscode/extensions/extensions.json
2025-11-25 13:08:40.713 [info] Extension signature verification result for charliermarsh.ruff: Success. Internal Code: 0. Executed: true. Duration: 404ms.
2025-11-25 13:08:40.943 [info] Extracted extension to file:///home/arch/.vscode/extensions/charliermarsh.ruff-2025.30.0-linux-x64: charliermarsh.ruff
2025-11-25 13:08:40.955 [info] Renamed to /home/arch/.vscode/extensions/charliermarsh.ruff-2025.30.0-linux-x64
2025-11-25 13:08:40.963 [info] Marked extension as removed charliermarsh.ruff-2025.28.0-linux-x64
2025-11-25 13:08:40.971 [info] Extension installed successfully: charliermarsh.ruff vscode-userdata:/home/arch/.vscode/extensions/extensions.json
2025-11-25 13:08:41.477 [info] Extension signature verification result for ms-python.vscode-pylance: Success. Internal Code: 0. Executed: true. Duration: 478ms.
2025-11-25 13:08:43.273 [info] Extracted extension to file:///home/arch/.vscode/extensions/ms-python.vscode-pylance-2025.10.1: ms-python.vscode-pylance
2025-11-25 13:08:43.399 [info] Renamed to /home/arch/.vscode/extensions/ms-python.vscode-pylance-2025.10.1
2025-11-25 13:08:43.412 [info] Marked extension as removed ms-python.vscode-pylance-2025.9.1
2025-11-25 13:08:43.415 [info] Extension installed successfully: ms-python.vscode-pylance vscode-userdata:/home/arch/.vscode/extensions/extensions.json
