2025-11-04 19:39:51.466 [info] Reading sessions from keychain...
2025-11-04 19:39:51.466 [info] Getting sessions for all scopes...
2025-11-04 19:39:51.466 [info] Got 0 sessions for ...
2025-11-04 19:39:51.466 [info] Getting sessions for all scopes...
2025-11-04 19:39:51.466 [info] Got 0 sessions for ...
2025-11-04 19:39:51.466 [info] Getting sessions for all scopes...
2025-11-04 19:39:51.466 [info] Got 0 sessions for ...
2025-11-04 19:39:51.466 [info] Getting sessions for all scopes...
2025-11-04 19:39:51.466 [info] Got 0 sessions for ...
2025-11-04 19:39:51.466 [info] Getting sessions for all scopes...
2025-11-04 19:39:51.466 [info] Got 0 sessions for ...
2025-11-04 19:39:51.466 [info] Getting sessions for all scopes...
2025-11-04 19:39:51.466 [info] Got 0 sessions for ...
2025-11-04 19:39:51.466 [info] Getting sessions for all scopes...
2025-11-04 19:39:51.466 [info] Got 0 sessions for ...
2025-11-04 19:39:51.466 [info] Getting sessions for all scopes...
2025-11-04 19:39:51.466 [info] Got 0 sessions for ...
2025-11-04 19:39:51.466 [info] Getting sessions for all scopes...
2025-11-04 19:39:51.466 [info] Got 0 sessions for ...
2025-11-04 19:39:51.466 [info] Getting sessions for all scopes...
2025-11-04 19:39:51.466 [info] Got 0 sessions for ...
2025-11-04 19:39:51.466 [info] Getting sessions for all scopes...
2025-11-04 19:39:51.466 [info] Got 0 sessions for ...
2025-11-04 19:39:51.466 [info] Getting sessions for all scopes...
2025-11-04 19:39:51.466 [info] Got 0 sessions for ...
2025-11-04 19:39:51.466 [info] Getting sessions for all scopes...
2025-11-04 19:39:51.466 [info] Got 0 sessions for ...
2025-11-04 19:39:51.466 [info] Getting sessions for all scopes...
2025-11-04 19:39:51.466 [info] Got 0 sessions for ...
2025-11-04 19:39:51.466 [info] Getting sessions for all scopes...
2025-11-04 19:39:51.466 [info] Got 0 sessions for ...
2025-11-04 19:39:52.764 [info] Getting sessions for all scopes...
2025-11-04 19:39:52.764 [info] Got 0 sessions for ...
2025-11-04 19:39:52.765 [info] Getting sessions for all scopes...
2025-11-04 19:39:52.765 [info] Got 0 sessions for ...
2025-11-04 19:39:52.769 [info] Getting sessions for all scopes...
2025-11-04 19:39:52.769 [info] Got 0 sessions for ...
2025-11-04 19:39:57.231 [info] Reading sessions from keychain...
2025-11-04 19:39:57.231 [info] Getting sessions for all scopes...
2025-11-04 19:39:57.234 [info] Got 0 sessions for ...
2025-11-04 19:39:57.235 [info] Getting sessions for all scopes...
2025-11-04 19:39:57.235 [info] Got 0 sessions for ...
2025-11-04 19:39:57.236 [info] Getting sessions for all scopes...
2025-11-04 19:39:57.236 [info] Got 0 sessions for ...
2025-11-04 19:39:57.265 [info] Getting sessions for all scopes...
2025-11-04 19:39:57.265 [info] Got 0 sessions for ...
2025-11-04 19:39:57.393 [info] Getting sessions for all scopes...
2025-11-04 19:39:57.393 [info] Got 0 sessions for ...
2025-11-04 19:39:57.393 [info] Getting sessions for all scopes...
2025-11-04 19:39:57.393 [info] Got 0 sessions for ...
2025-11-04 19:39:57.394 [info] Getting sessions for all scopes...
2025-11-04 19:39:57.394 [info] Got 0 sessions for ...
2025-11-04 19:39:57.394 [info] Getting sessions for all scopes...
2025-11-04 19:39:57.394 [info] Got 0 sessions for ...
2025-11-04 19:39:57.394 [info] Getting sessions for all scopes...
2025-11-04 19:39:57.394 [info] Got 0 sessions for ...
2025-11-04 19:39:57.426 [info] Getting sessions for all scopes...
2025-11-04 19:39:57.426 [info] Got 0 sessions for ...
2025-11-04 19:39:57.426 [info] Getting sessions for all scopes...
2025-11-04 19:39:57.426 [info] Got 0 sessions for ...
2025-11-04 19:39:57.427 [info] Getting sessions for all scopes...
2025-11-04 19:39:57.427 [info] Got 0 sessions for ...
2025-11-04 19:39:57.427 [info] Getting sessions for all scopes...
2025-11-04 19:39:57.427 [info] Got 0 sessions for ...
2025-11-04 19:39:57.427 [info] Getting sessions for all scopes...
2025-11-04 19:39:57.427 [info] Got 0 sessions for ...
2025-11-04 19:39:59.179 [info] Getting sessions for all scopes...
2025-11-04 19:39:59.179 [info] Got 0 sessions for ...
2025-11-04 19:39:59.180 [info] Getting sessions for all scopes...
2025-11-04 19:39:59.180 [info] Got 0 sessions for ...
2025-11-04 19:39:59.184 [info] Getting sessions for all scopes...
2025-11-04 19:39:59.184 [info] Got 0 sessions for ...
2025-11-04 19:40:01.322 [info] Getting sessions for read:user,repo,user:email,workflow...
2025-11-04 19:40:01.322 [info] Got 0 sessions for read:user,repo,user:email,workflow...
2025-11-04 19:40:12.421 [info] Getting sessions for all scopes...
2025-11-04 19:40:12.421 [info] Got 0 sessions for ...
