2025-11-04 19:57:37.243 [info] [main] Log level: Info
2025-11-04 19:57:37.243 [info] [main] Validating found git in: "git"
2025-11-04 19:57:37.243 [info] [main] Using git "2.51.2" from "git"
2025-11-04 19:57:37.243 [info] [Model][doInitialScan] Initial repository scan started
2025-11-04 19:57:37.243 [info] > git rev-parse --show-toplevel [53ms]
2025-11-04 19:57:37.243 [info] > git rev-parse --git-dir --git-common-dir --show-superproject-working-tree [6ms]
2025-11-04 19:57:37.243 [info] [Model][openRepository] Opened repository (path): /home/arch/code/work/TTSpamer
2025-11-04 19:57:37.243 [info] [Model][openRepository] Opened repository (real path): /home/arch/code/work/TTSpamer
2025-11-04 19:57:37.243 [info] [Model][openRepository] Opened repository (kind): repository
2025-11-04 19:57:37.275 [info] > git rev-parse --show-toplevel [24ms]
2025-11-04 19:57:37.277 [info] [Model][doInitialScan] Initial repository scan completed - repositories (1), closed repositories (0), parent repositories (0), unsafe repositories (0)
2025-11-04 19:57:37.277 [info] > git config --get commit.template [30ms]
2025-11-04 19:57:37.304 [info] > git for-each-ref --format=%(refname)%00%(upstream:short)%00%(objectname)%00%(upstream:track)%00%(upstream:remotename)%00%(upstream:remoteref) refs/heads/master refs/remotes/master [8ms]
2025-11-04 19:57:37.310 [warning] [Git][revParse] Unable to read file: ENOENT: no such file or directory, open '/home/arch/code/work/TTSpamer/.git/refs/remotes/origin/master'
2025-11-04 19:57:37.312 [info] > git rev-parse refs/remotes/origin/master [2ms]
2025-11-04 19:57:37.323 [info] > git status -z -uall [6ms]
2025-11-04 19:57:37.325 [info] > git for-each-ref --sort -committerdate --format %(refname)%00%(objectname)%00%(*objectname) [3ms]
2025-11-04 19:57:37.339 [info] > git for-each-ref --format=%(refname)%00%(upstream:short)%00%(objectname)%00%(upstream:track)%00%(upstream:remotename)%00%(upstream:remoteref) refs/heads/master refs/remotes/master [7ms]
2025-11-04 19:57:37.343 [info] > git config --get --local branch.master.vscode-merge-base [1ms]
2025-11-04 19:57:37.347 [info] > git config --get commit.template [9ms]
2025-11-04 19:57:37.349 [info] > git for-each-ref --format=%(refname)%00%(upstream:short)%00%(objectname)%00%(upstream:track)%00%(upstream:remotename)%00%(upstream:remoteref) refs/heads/origin/master refs/remotes/origin/master [2ms]
2025-11-04 19:57:37.356 [info] > git for-each-ref --format=%(refname)%00%(upstream:short)%00%(objectname)%00%(upstream:track)%00%(upstream:remotename)%00%(upstream:remoteref) refs/heads/master refs/remotes/master [2ms]
2025-11-04 19:57:37.359 [warning] [Git][revParse] Unable to read file: ENOENT: no such file or directory, open '/home/arch/code/work/TTSpamer/.git/refs/remotes/origin/master'
2025-11-04 19:57:37.360 [info] > git rev-parse refs/remotes/origin/master [1ms]
2025-11-04 19:57:37.368 [info] > git status -z -uall [5ms]
2025-11-04 19:57:37.369 [info] > git for-each-ref --sort -committerdate --format %(refname)%00%(objectname)%00%(*objectname) [2ms]
2025-11-04 19:57:37.711 [info] > git show --textconv :main.py [5ms]
2025-11-04 19:57:37.713 [info] > git ls-files --stage -- main.py [3ms]
2025-11-04 19:57:37.721 [info] > git cat-file -s bafce678e317c2c5997e09072d6ce8f1433ab1d8 [3ms]
2025-11-04 19:57:37.797 [info] > git check-ignore -v -z --stdin [2ms]
2025-11-04 19:57:37.804 [info] > git blame --root --incremental 465cbf4ffcc50aa3dc3d056172a0fc6d80ef37d6 -- main.py [2ms]
2025-11-04 19:57:46.074 [info] [main] Log level: Info
2025-11-04 19:57:46.074 [info] [main] Validating found git in: "git"
2025-11-04 19:57:46.074 [info] [main] Using git "2.51.2" from "git"
2025-11-04 19:57:46.074 [info] [Model][doInitialScan] Initial repository scan started
2025-11-04 19:57:46.074 [info] > git rev-parse --show-toplevel [220ms]
2025-11-04 19:57:46.128 [info] > git rev-parse --git-dir --git-common-dir --show-superproject-working-tree [51ms]
2025-11-04 19:57:46.134 [info] [Model][openRepository] Opened repository (path): /home/arch/code/work/tt_test/TTSpamer
2025-11-04 19:57:46.134 [info] [Model][openRepository] Opened repository (real path): /home/arch/code/work/tt_test/TTSpamer
2025-11-04 19:57:46.134 [info] [Model][openRepository] Opened repository (kind): repository
2025-11-04 19:57:46.169 [info] > git rev-parse --show-toplevel [13ms]
2025-11-04 19:57:46.170 [info] > git config --get commit.template [16ms]
2025-11-04 19:57:46.198 [info] > git rev-parse --show-toplevel [13ms]
2025-11-04 19:57:46.199 [info] [Model][doInitialScan] Initial repository scan completed - repositories (1), closed repositories (0), parent repositories (0), unsafe repositories (0)
2025-11-04 19:57:46.200 [info] > git for-each-ref --format=%(refname)%00%(upstream:short)%00%(objectname)%00%(upstream:track)%00%(upstream:remotename)%00%(upstream:remoteref) refs/heads/master refs/remotes/master [4ms]
2025-11-04 19:57:46.205 [warning] [Git][revParse] Unable to read file: ENOENT: no such file or directory, open '/home/arch/code/work/tt_test/TTSpamer/.git/refs/remotes/origin/master'
2025-11-04 19:57:46.206 [info] > git rev-parse refs/remotes/origin/master [1ms]
2025-11-04 19:57:46.219 [info] > git status -z -uall [8ms]
2025-11-04 19:57:46.253 [info] > git for-each-ref --sort -committerdate --format %(refname)%00%(objectname)%00%(*objectname) [37ms]
2025-11-04 19:57:46.310 [info] > git for-each-ref --format=%(refname)%00%(upstream:short)%00%(objectname)%00%(upstream:track)%00%(upstream:remotename)%00%(upstream:remoteref) refs/heads/master refs/remotes/master [30ms]
2025-11-04 19:57:46.320 [info] > git config --get commit.template [10ms]
2025-11-04 19:57:46.373 [info] > git config --get --local branch.master.vscode-merge-base [58ms]
2025-11-04 19:57:46.373 [warning] [Git][config] git config failed: Failed to execute git
2025-11-04 19:57:46.394 [info] > git reflog master --grep-reflog=branch: Created from *. [17ms]
2025-11-04 19:57:46.402 [info] > git symbolic-ref --short refs/remotes/origin/HEAD [5ms]
2025-11-04 19:57:46.405 [info] > git for-each-ref --format=%(refname)%00%(upstream:short)%00%(objectname)%00%(upstream:track)%00%(upstream:remotename)%00%(upstream:remoteref) refs/heads/master refs/remotes/master [18ms]
2025-11-04 19:57:46.427 [warning] [Git][revParse] Unable to read file: ENOENT: no such file or directory, open '/home/arch/code/work/tt_test/TTSpamer/.git/refs/remotes/origin/master'
2025-11-04 19:57:46.427 [info] > git for-each-ref --format=%(refname)%00%(upstream:short)%00%(objectname)%00%(upstream:track)%00%(upstream:remotename)%00%(upstream:remoteref) refs/heads/origin/master refs/remotes/origin/master [22ms]
2025-11-04 19:57:46.451 [info] > git config --add --local branch.master.vscode-merge-base origin/master [20ms]
2025-11-04 19:57:46.452 [info] > git rev-parse refs/remotes/origin/master [25ms]
2025-11-04 19:57:46.460 [info] > git config --get commit.template [3ms]
2025-11-04 19:57:46.530 [info] > git for-each-ref --format=%(refname)%00%(upstream:short)%00%(objectname)%00%(upstream:track)%00%(upstream:remotename)%00%(upstream:remoteref) refs/heads/master refs/remotes/master [4ms]
2025-11-04 19:57:46.534 [warning] [Git][revParse] Unable to read file: ENOENT: no such file or directory, open '/home/arch/code/work/tt_test/TTSpamer/.git/refs/remotes/origin/master'
2025-11-04 19:57:46.535 [info] > git rev-parse refs/remotes/origin/master [1ms]
2025-11-04 19:57:46.544 [info] > git status -z -uall [5ms]
2025-11-04 19:57:46.552 [info] > git for-each-ref --sort -committerdate --format %(refname)%00%(objectname)%00%(*objectname) [10ms]
2025-11-04 19:57:46.879 [info] > git check-ignore -v -z --stdin [3ms]
2025-11-04 19:57:47.890 [info] > git show --textconv :main.py [5ms]
2025-11-04 19:57:47.890 [info] > git ls-files --stage -- main.py [1ms]
2025-11-04 19:57:47.894 [info] > git cat-file -s bafce678e317c2c5997e09072d6ce8f1433ab1d8 [1ms]
2025-11-04 19:57:48.037 [info] > git blame --root --incremental 465cbf4ffcc50aa3dc3d056172a0fc6d80ef37d6 -- main.py [2ms]
2025-11-04 19:59:21.175 [info] > git config --get commit.template [5ms]
2025-11-04 19:59:21.175 [info] > git for-each-ref --format=%(refname)%00%(upstream:short)%00%(objectname)%00%(upstream:track)%00%(upstream:remotename)%00%(upstream:remoteref) refs/heads/master refs/remotes/master [1ms]
2025-11-04 19:59:21.179 [warning] [Git][revParse] Unable to read file: ENOENT: no such file or directory, open '/home/arch/code/work/tt_test/TTSpamer/.git/refs/remotes/origin/master'
2025-11-04 19:59:21.180 [info] > git rev-parse refs/remotes/origin/master [1ms]
2025-11-04 19:59:21.189 [info] > git status -z -uall [5ms]
2025-11-04 19:59:21.190 [info] > git for-each-ref --sort -committerdate --format %(refname)%00%(objectname)%00%(*objectname) [1ms]
2025-11-04 19:59:50.602 [info] > git config --get commit.template [5ms]
2025-11-04 19:59:50.602 [info] > git for-each-ref --format=%(refname)%00%(upstream:short)%00%(objectname)%00%(upstream:track)%00%(upstream:remotename)%00%(upstream:remoteref) refs/heads/master refs/remotes/master [1ms]
2025-11-04 19:59:50.606 [warning] [Git][revParse] Unable to read file: ENOENT: no such file or directory, open '/home/arch/code/work/tt_test/TTSpamer/.git/refs/remotes/origin/master'
2025-11-04 19:59:50.607 [info] > git rev-parse refs/remotes/origin/master [0ms]
2025-11-04 19:59:50.614 [info] > git status -z -uall [4ms]
2025-11-04 19:59:50.615 [info] > git for-each-ref --sort -committerdate --format %(refname)%00%(objectname)%00%(*objectname) [1ms]
2025-11-04 19:59:55.624 [info] > git config --get commit.template [2ms]
2025-11-04 19:59:55.625 [info] > git for-each-ref --format=%(refname)%00%(upstream:short)%00%(objectname)%00%(upstream:track)%00%(upstream:remotename)%00%(upstream:remoteref) refs/heads/master refs/remotes/master [1ms]
2025-11-04 19:59:55.628 [warning] [Git][revParse] Unable to read file: ENOENT: no such file or directory, open '/home/arch/code/work/tt_test/TTSpamer/.git/refs/remotes/origin/master'
2025-11-04 19:59:55.628 [info] > git rev-parse refs/remotes/origin/master [0ms]
2025-11-04 19:59:55.635 [info] > git status -z -uall [4ms]
2025-11-04 19:59:55.635 [info] > git for-each-ref --sort -committerdate --format %(refname)%00%(objectname)%00%(*objectname) [1ms]
2025-11-04 20:00:00.646 [info] > git config --get commit.template [3ms]
2025-11-04 20:00:00.646 [info] > git for-each-ref --format=%(refname)%00%(upstream:short)%00%(objectname)%00%(upstream:track)%00%(upstream:remotename)%00%(upstream:remoteref) refs/heads/master refs/remotes/master [1ms]
2025-11-04 20:00:00.649 [warning] [Git][revParse] Unable to read file: ENOENT: no such file or directory, open '/home/arch/code/work/tt_test/TTSpamer/.git/refs/remotes/origin/master'
2025-11-04 20:00:00.650 [info] > git rev-parse refs/remotes/origin/master [1ms]
2025-11-04 20:00:00.657 [info] > git status -z -uall [4ms]
2025-11-04 20:00:00.658 [info] > git for-each-ref --sort -committerdate --format %(refname)%00%(objectname)%00%(*objectname) [2ms]
2025-11-04 20:04:58.943 [info] > git config --get commit.template [1ms]
2025-11-04 20:04:58.950 [info] > git for-each-ref --format=%(refname)%00%(upstream:short)%00%(objectname)%00%(upstream:track)%00%(upstream:remotename)%00%(upstream:remoteref) refs/heads/master refs/remotes/master [2ms]
2025-11-04 20:04:58.953 [warning] [Git][revParse] Unable to read file: ENOENT: no such file or directory, open '/home/arch/code/work/tt_test/TTSpamer/.git/refs/remotes/origin/master'
2025-11-04 20:04:58.954 [info] > git rev-parse refs/remotes/origin/master [1ms]
2025-11-04 20:04:58.961 [info] > git status -z -uall [4ms]
2025-11-04 20:04:58.963 [info] > git for-each-ref --sort -committerdate --format %(refname)%00%(objectname)%00%(*objectname) [2ms]
2025-11-04 20:05:03.974 [info] > git config --get commit.template [4ms]
2025-11-04 20:05:03.974 [info] > git for-each-ref --format=%(refname)%00%(upstream:short)%00%(objectname)%00%(upstream:track)%00%(upstream:remotename)%00%(upstream:remoteref) refs/heads/master refs/remotes/master [1ms]
2025-11-04 20:05:04.003 [warning] [Git][revParse] Unable to read file: ENOENT: no such file or directory, open '/home/arch/code/work/tt_test/TTSpamer/.git/refs/remotes/origin/master'
2025-11-04 20:05:04.004 [info] > git rev-parse refs/remotes/origin/master [1ms]
2025-11-04 20:05:04.011 [info] > git status -z -uall [3ms]
2025-11-04 20:05:04.012 [info] > git for-each-ref --sort -committerdate --format %(refname)%00%(objectname)%00%(*objectname) [2ms]
2025-11-04 20:05:46.805 [info] > git config --get commit.template [1ms]
2025-11-04 20:05:46.809 [info] > git for-each-ref --format=%(refname)%00%(upstream:short)%00%(objectname)%00%(upstream:track)%00%(upstream:remotename)%00%(upstream:remoteref) refs/heads/master refs/remotes/master [1ms]
2025-11-04 20:05:46.814 [warning] [Git][revParse] Unable to read file: ENOENT: no such file or directory, open '/home/arch/code/work/tt_test/TTSpamer/.git/refs/remotes/origin/master'
2025-11-04 20:05:46.814 [info] > git rev-parse refs/remotes/origin/master [0ms]
2025-11-04 20:05:46.821 [info] > git status -z -uall [3ms]
2025-11-04 20:05:46.822 [info] > git for-each-ref --sort -committerdate --format %(refname)%00%(objectname)%00%(*objectname) [1ms]
2025-11-04 20:05:59.549 [info] [main] Log level: Info
2025-11-04 20:05:59.549 [info] [main] Validating found git in: "git"
2025-11-04 20:05:59.549 [info] [main] Using git "2.51.2" from "git"
2025-11-04 20:05:59.549 [info] [Model][doInitialScan] Initial repository scan started
2025-11-04 20:05:59.549 [info] > git rev-parse --show-toplevel [7ms]
2025-11-04 20:05:59.561 [info] > git rev-parse --git-dir --git-common-dir --show-superproject-working-tree [7ms]
2025-11-04 20:05:59.568 [info] [Model][openRepository] Opened repository (path): /home/arch/code/work/TTSpamer
2025-11-04 20:05:59.568 [info] [Model][openRepository] Opened repository (real path): /home/arch/code/work/TTSpamer
2025-11-04 20:05:59.568 [info] [Model][openRepository] Opened repository (kind): repository
2025-11-04 20:05:59.596 [info] > git rev-parse --show-toplevel [20ms]
2025-11-04 20:05:59.597 [info] [Model][doInitialScan] Initial repository scan completed - repositories (1), closed repositories (0), parent repositories (0), unsafe repositories (0)
2025-11-04 20:05:59.598 [info] > git config --get commit.template [25ms]
2025-11-04 20:05:59.629 [info] > git for-each-ref --format=%(refname)%00%(upstream:short)%00%(objectname)%00%(upstream:track)%00%(upstream:remotename)%00%(upstream:remoteref) refs/heads/master refs/remotes/master [14ms]
2025-11-04 20:05:59.632 [warning] [Git][revParse] Unable to read file: ENOENT: no such file or directory, open '/home/arch/code/work/TTSpamer/.git/refs/remotes/origin/master'
2025-11-04 20:05:59.633 [info] > git rev-parse refs/remotes/origin/master [1ms]
2025-11-04 20:05:59.640 [info] > git status -z -uall [4ms]
2025-11-04 20:05:59.640 [info] > git for-each-ref --sort -committerdate --format %(refname)%00%(objectname)%00%(*objectname) [1ms]
2025-11-04 20:05:59.657 [info] > git for-each-ref --format=%(refname)%00%(upstream:short)%00%(objectname)%00%(upstream:track)%00%(upstream:remotename)%00%(upstream:remoteref) refs/heads/master refs/remotes/master [5ms]
2025-11-04 20:05:59.660 [info] > git config --get commit.template [4ms]
2025-11-04 20:05:59.663 [info] > git config --get --local branch.master.vscode-merge-base [3ms]
2025-11-04 20:05:59.668 [info] > git for-each-ref --format=%(refname)%00%(upstream:short)%00%(objectname)%00%(upstream:track)%00%(upstream:remotename)%00%(upstream:remoteref) refs/heads/origin/master refs/remotes/origin/master [2ms]
2025-11-04 20:05:59.669 [info] > git for-each-ref --format=%(refname)%00%(upstream:short)%00%(objectname)%00%(upstream:track)%00%(upstream:remotename)%00%(upstream:remoteref) refs/heads/master refs/remotes/master [7ms]
2025-11-04 20:05:59.673 [warning] [Git][revParse] Unable to read file: ENOENT: no such file or directory, open '/home/arch/code/work/TTSpamer/.git/refs/remotes/origin/master'
2025-11-04 20:05:59.675 [info] > git rev-parse refs/remotes/origin/master [2ms]
2025-11-04 20:05:59.683 [info] > git status -z -uall [4ms]
2025-11-04 20:05:59.685 [info] > git for-each-ref --sort -committerdate --format %(refname)%00%(objectname)%00%(*objectname) [3ms]
2025-11-04 20:05:59.882 [info] > git show --textconv :main.py [6ms]
2025-11-04 20:05:59.883 [info] > git ls-files --stage -- main.py [2ms]
2025-11-04 20:05:59.888 [info] > git cat-file -s bafce678e317c2c5997e09072d6ce8f1433ab1d8 [2ms]
2025-11-04 20:06:00.017 [info] > git blame --root --incremental 465cbf4ffcc50aa3dc3d056172a0fc6d80ef37d6 -- main.py [2ms]
2025-11-04 20:06:00.106 [info] > git check-ignore -v -z --stdin [1ms]
2025-11-04 20:07:21.754 [info] > git config --get commit.template [4ms]
2025-11-04 20:07:21.754 [info] > git for-each-ref --format=%(refname)%00%(upstream:short)%00%(objectname)%00%(upstream:track)%00%(upstream:remotename)%00%(upstream:remoteref) refs/heads/master refs/remotes/master [1ms]
2025-11-04 20:07:21.756 [warning] [Git][revParse] Unable to read file: ENOENT: no such file or directory, open '/home/arch/code/work/TTSpamer/.git/refs/remotes/origin/master'
2025-11-04 20:07:21.757 [info] > git rev-parse refs/remotes/origin/master [1ms]
2025-11-04 20:07:21.765 [info] > git status -z -uall [5ms]
2025-11-04 20:07:21.766 [info] > git for-each-ref --sort -committerdate --format %(refname)%00%(objectname)%00%(*objectname) [1ms]
2025-11-04 20:07:26.774 [info] > git config --get commit.template [3ms]
2025-11-04 20:07:26.775 [info] > git for-each-ref --format=%(refname)%00%(upstream:short)%00%(objectname)%00%(upstream:track)%00%(upstream:remotename)%00%(upstream:remoteref) refs/heads/master refs/remotes/master [1ms]
2025-11-04 20:07:26.778 [warning] [Git][revParse] Unable to read file: ENOENT: no such file or directory, open '/home/arch/code/work/TTSpamer/.git/refs/remotes/origin/master'
2025-11-04 20:07:26.778 [info] > git rev-parse refs/remotes/origin/master [0ms]
2025-11-04 20:07:26.784 [info] > git status -z -uall [3ms]
2025-11-04 20:07:26.785 [info] > git for-each-ref --sort -committerdate --format %(refname)%00%(objectname)%00%(*objectname) [1ms]
2025-11-04 20:07:43.042 [info] > git config --get commit.template [3ms]
2025-11-04 20:07:43.043 [info] > git for-each-ref --format=%(refname)%00%(upstream:short)%00%(objectname)%00%(upstream:track)%00%(upstream:remotename)%00%(upstream:remoteref) refs/heads/master refs/remotes/master [1ms]
2025-11-04 20:07:43.047 [warning] [Git][revParse] Unable to read file: ENOENT: no such file or directory, open '/home/arch/code/work/TTSpamer/.git/refs/remotes/origin/master'
2025-11-04 20:07:43.048 [info] > git rev-parse refs/remotes/origin/master [1ms]
2025-11-04 20:07:43.056 [info] > git status -z -uall [4ms]
2025-11-04 20:07:43.057 [info] > git for-each-ref --sort -committerdate --format %(refname)%00%(objectname)%00%(*objectname) [1ms]
2025-11-04 20:07:48.065 [info] > git config --get commit.template [3ms]
2025-11-04 20:07:48.066 [info] > git for-each-ref --format=%(refname)%00%(upstream:short)%00%(objectname)%00%(upstream:track)%00%(upstream:remotename)%00%(upstream:remoteref) refs/heads/master refs/remotes/master [1ms]
2025-11-04 20:07:48.068 [warning] [Git][revParse] Unable to read file: ENOENT: no such file or directory, open '/home/arch/code/work/TTSpamer/.git/refs/remotes/origin/master'
2025-11-04 20:07:48.069 [info] > git rev-parse refs/remotes/origin/master [1ms]
2025-11-04 20:07:48.075 [info] > git status -z -uall [4ms]
2025-11-04 20:07:48.075 [info] > git for-each-ref --sort -committerdate --format %(refname)%00%(objectname)%00%(*objectname) [1ms]
2025-11-04 20:07:55.709 [info] > git config --get commit.template [3ms]
2025-11-04 20:07:55.709 [info] > git for-each-ref --format=%(refname)%00%(upstream:short)%00%(objectname)%00%(upstream:track)%00%(upstream:remotename)%00%(upstream:remoteref) refs/heads/master refs/remotes/master [1ms]
2025-11-04 20:07:55.713 [warning] [Git][revParse] Unable to read file: ENOENT: no such file or directory, open '/home/arch/code/work/TTSpamer/.git/refs/remotes/origin/master'
2025-11-04 20:07:55.714 [info] > git rev-parse refs/remotes/origin/master [1ms]
2025-11-04 20:07:55.720 [info] > git status -z -uall [4ms]
2025-11-04 20:07:55.721 [info] > git for-each-ref --sort -committerdate --format %(refname)%00%(objectname)%00%(*objectname) [2ms]
2025-11-04 20:08:01.756 [info] > git config --get commit.template [6ms]
2025-11-04 20:08:01.756 [info] > git for-each-ref --format=%(refname)%00%(upstream:short)%00%(objectname)%00%(upstream:track)%00%(upstream:remotename)%00%(upstream:remoteref) refs/heads/master refs/remotes/master [2ms]
2025-11-04 20:08:01.761 [warning] [Git][revParse] Unable to read file: ENOENT: no such file or directory, open '/home/arch/code/work/TTSpamer/.git/refs/remotes/origin/master'
2025-11-04 20:08:01.762 [info] > git rev-parse refs/remotes/origin/master [1ms]
2025-11-04 20:08:01.774 [info] > git status -z -uall [6ms]
2025-11-04 20:08:01.775 [info] > git for-each-ref --sort -committerdate --format %(refname)%00%(objectname)%00%(*objectname) [3ms]
2025-11-04 20:08:06.785 [info] > git config --get commit.template [3ms]
2025-11-04 20:08:06.785 [info] > git for-each-ref --format=%(refname)%00%(upstream:short)%00%(objectname)%00%(upstream:track)%00%(upstream:remotename)%00%(upstream:remoteref) refs/heads/master refs/remotes/master [1ms]
2025-11-04 20:08:06.788 [warning] [Git][revParse] Unable to read file: ENOENT: no such file or directory, open '/home/arch/code/work/TTSpamer/.git/refs/remotes/origin/master'
2025-11-04 20:08:06.789 [info] > git rev-parse refs/remotes/origin/master [1ms]
2025-11-04 20:08:06.794 [info] > git status -z -uall [3ms]
2025-11-04 20:08:06.795 [info] > git for-each-ref --sort -committerdate --format %(refname)%00%(objectname)%00%(*objectname) [1ms]
2025-11-04 20:09:37.532 [info] > git config --get commit.template [1ms]
2025-11-04 20:09:37.538 [info] > git for-each-ref --format=%(refname)%00%(upstream:short)%00%(objectname)%00%(upstream:track)%00%(upstream:remotename)%00%(upstream:remoteref) refs/heads/master refs/remotes/master [1ms]
2025-11-04 20:09:37.541 [warning] [Git][revParse] Unable to read file: ENOENT: no such file or directory, open '/home/arch/code/work/TTSpamer/.git/refs/remotes/origin/master'
2025-11-04 20:09:37.542 [info] > git rev-parse refs/remotes/origin/master [1ms]
2025-11-04 20:09:37.550 [info] > git status -z -uall [4ms]
2025-11-04 20:09:37.551 [info] > git for-each-ref --sort -committerdate --format %(refname)%00%(objectname)%00%(*objectname) [1ms]
2025-11-04 20:11:05.832 [info] > git config --get commit.template [5ms]
2025-11-04 20:11:05.833 [info] > git for-each-ref --format=%(refname)%00%(upstream:short)%00%(objectname)%00%(upstream:track)%00%(upstream:remotename)%00%(upstream:remoteref) refs/heads/master refs/remotes/master [2ms]
2025-11-04 20:11:05.837 [warning] [Git][revParse] Unable to read file: ENOENT: no such file or directory, open '/home/arch/code/work/TTSpamer/.git/refs/remotes/origin/master'
2025-11-04 20:11:05.838 [info] > git rev-parse refs/remotes/origin/master [1ms]
2025-11-04 20:11:05.846 [info] > git status -z -uall [5ms]
2025-11-04 20:11:05.846 [info] > git for-each-ref --sort -committerdate --format %(refname)%00%(objectname)%00%(*objectname) [1ms]
2025-11-04 20:11:10.854 [info] > git config --get commit.template [1ms]
2025-11-04 20:11:10.861 [info] > git for-each-ref --format=%(refname)%00%(upstream:short)%00%(objectname)%00%(upstream:track)%00%(upstream:remotename)%00%(upstream:remoteref) refs/heads/master refs/remotes/master [2ms]
2025-11-04 20:11:10.865 [warning] [Git][revParse] Unable to read file: ENOENT: no such file or directory, open '/home/arch/code/work/TTSpamer/.git/refs/remotes/origin/master'
2025-11-04 20:11:10.866 [info] > git rev-parse refs/remotes/origin/master [1ms]
2025-11-04 20:11:10.874 [info] > git status -z -uall [4ms]
2025-11-04 20:11:10.876 [info] > git for-each-ref --sort -committerdate --format %(refname)%00%(objectname)%00%(*objectname) [2ms]
2025-11-04 20:12:47.809 [info] > git config --get commit.template [1ms]
2025-11-04 20:12:47.813 [info] > git for-each-ref --format=%(refname)%00%(upstream:short)%00%(objectname)%00%(upstream:track)%00%(upstream:remotename)%00%(upstream:remoteref) refs/heads/master refs/remotes/master [1ms]
2025-11-04 20:12:47.816 [warning] [Git][revParse] Unable to read file: ENOENT: no such file or directory, open '/home/arch/code/work/TTSpamer/.git/refs/remotes/origin/master'
2025-11-04 20:12:47.817 [info] > git rev-parse refs/remotes/origin/master [1ms]
2025-11-04 20:12:47.824 [info] > git status -z -uall [5ms]
2025-11-04 20:12:47.824 [info] > git for-each-ref --sort -committerdate --format %(refname)%00%(objectname)%00%(*objectname) [1ms]
2025-11-04 20:12:54.347 [info] > git config --get commit.template [3ms]
2025-11-04 20:12:54.348 [info] > git for-each-ref --format=%(refname)%00%(upstream:short)%00%(objectname)%00%(upstream:track)%00%(upstream:remotename)%00%(upstream:remoteref) refs/heads/master refs/remotes/master [1ms]
2025-11-04 20:12:54.350 [warning] [Git][revParse] Unable to read file: ENOENT: no such file or directory, open '/home/arch/code/work/TTSpamer/.git/refs/remotes/origin/master'
2025-11-04 20:12:54.351 [info] > git rev-parse refs/remotes/origin/master [1ms]
2025-11-04 20:12:54.358 [info] > git status -z -uall [4ms]
2025-11-04 20:12:54.359 [info] > git for-each-ref --sort -committerdate --format %(refname)%00%(objectname)%00%(*objectname) [2ms]
2025-11-04 20:13:13.953 [info] > git config --get commit.template [4ms]
2025-11-04 20:13:13.954 [info] > git for-each-ref --format=%(refname)%00%(upstream:short)%00%(objectname)%00%(upstream:track)%00%(upstream:remotename)%00%(upstream:remoteref) refs/heads/master refs/remotes/master [1ms]
2025-11-04 20:13:13.957 [warning] [Git][revParse] Unable to read file: ENOENT: no such file or directory, open '/home/arch/code/work/TTSpamer/.git/refs/remotes/origin/master'
2025-11-04 20:13:13.958 [info] > git rev-parse refs/remotes/origin/master [1ms]
2025-11-04 20:13:13.965 [info] > git status -z -uall [3ms]
2025-11-04 20:13:13.966 [info] > git for-each-ref --sort -committerdate --format %(refname)%00%(objectname)%00%(*objectname) [1ms]
2025-11-04 20:13:19.256 [info] > git config --get commit.template [4ms]
2025-11-04 20:13:19.257 [info] > git for-each-ref --format=%(refname)%00%(upstream:short)%00%(objectname)%00%(upstream:track)%00%(upstream:remotename)%00%(upstream:remoteref) refs/heads/master refs/remotes/master [2ms]
2025-11-04 20:13:19.262 [warning] [Git][revParse] Unable to read file: ENOENT: no such file or directory, open '/home/arch/code/work/TTSpamer/.git/refs/remotes/origin/master'
2025-11-04 20:13:19.263 [info] > git rev-parse refs/remotes/origin/master [1ms]
2025-11-04 20:13:19.269 [info] > git status -z -uall [3ms]
2025-11-04 20:13:19.270 [info] > git for-each-ref --sort -committerdate --format %(refname)%00%(objectname)%00%(*objectname) [1ms]
2025-11-04 20:13:36.608 [info] > git config --get commit.template [2ms]
2025-11-04 20:13:36.612 [info] > git for-each-ref --format=%(refname)%00%(upstream:short)%00%(objectname)%00%(upstream:track)%00%(upstream:remotename)%00%(upstream:remoteref) refs/heads/master refs/remotes/master [0ms]
2025-11-04 20:13:36.616 [warning] [Git][revParse] Unable to read file: ENOENT: no such file or directory, open '/home/arch/code/work/TTSpamer/.git/refs/remotes/origin/master'
2025-11-04 20:13:36.617 [info] > git rev-parse refs/remotes/origin/master [1ms]
2025-11-04 20:13:36.624 [info] > git status -z -uall [4ms]
2025-11-04 20:13:36.625 [info] > git for-each-ref --sort -committerdate --format %(refname)%00%(objectname)%00%(*objectname) [1ms]
2025-11-04 20:13:50.481 [info] > git config --get commit.template [4ms]
2025-11-04 20:13:50.481 [info] > git for-each-ref --format=%(refname)%00%(upstream:short)%00%(objectname)%00%(upstream:track)%00%(upstream:remotename)%00%(upstream:remoteref) refs/heads/master refs/remotes/master [1ms]
2025-11-04 20:13:50.484 [warning] [Git][revParse] Unable to read file: ENOENT: no such file or directory, open '/home/arch/code/work/TTSpamer/.git/refs/remotes/origin/master'
2025-11-04 20:13:50.485 [info] > git rev-parse refs/remotes/origin/master [1ms]
2025-11-04 20:13:50.492 [info] > git status -z -uall [4ms]
2025-11-04 20:13:50.494 [info] > git for-each-ref --sort -committerdate --format %(refname)%00%(objectname)%00%(*objectname) [2ms]
2025-11-04 20:14:01.220 [info] > git config --get commit.template [4ms]
2025-11-04 20:14:01.221 [info] > git for-each-ref --format=%(refname)%00%(upstream:short)%00%(objectname)%00%(upstream:track)%00%(upstream:remotename)%00%(upstream:remoteref) refs/heads/master refs/remotes/master [1ms]
2025-11-04 20:14:01.225 [warning] [Git][revParse] Unable to read file: ENOENT: no such file or directory, open '/home/arch/code/work/TTSpamer/.git/refs/remotes/origin/master'
2025-11-04 20:14:01.226 [info] > git rev-parse refs/remotes/origin/master [1ms]
2025-11-04 20:14:01.232 [info] > git status -z -uall [3ms]
2025-11-04 20:14:01.233 [info] > git for-each-ref --sort -committerdate --format %(refname)%00%(objectname)%00%(*objectname) [1ms]
2025-11-04 20:16:20.919 [info] > git config --get commit.template [5ms]
2025-11-04 20:16:20.919 [info] > git for-each-ref --format=%(refname)%00%(upstream:short)%00%(objectname)%00%(upstream:track)%00%(upstream:remotename)%00%(upstream:remoteref) refs/heads/master refs/remotes/master [1ms]
2025-11-04 20:16:20.925 [warning] [Git][revParse] Unable to read file: ENOENT: no such file or directory, open '/home/arch/code/work/TTSpamer/.git/refs/remotes/origin/master'
2025-11-04 20:16:20.925 [info] > git rev-parse refs/remotes/origin/master [0ms]
2025-11-04 20:16:20.931 [info] > git status -z -uall [3ms]
2025-11-04 20:16:20.932 [info] > git for-each-ref --sort -committerdate --format %(refname)%00%(objectname)%00%(*objectname) [1ms]
2025-11-04 20:18:11.713 [info] > git show --textconv :main.py [4ms]
2025-11-04 20:18:11.713 [info] > git ls-files --stage -- main.py [1ms]
2025-11-04 20:18:11.717 [info] > git cat-file -s bafce678e317c2c5997e09072d6ce8f1433ab1d8 [1ms]
2025-11-04 20:18:14.357 [info] > git check-ignore -v -z --stdin [1ms]
2025-11-04 20:18:15.557 [info] > git show --textconv :acc.txt [5ms]
2025-11-04 20:18:15.558 [info] > git ls-files --stage -- acc.txt [1ms]
2025-11-04 20:18:15.562 [info] > git cat-file -s e69de29bb2d1d6434b8b29ae775ad8c2e48c5391 [1ms]
2025-11-04 20:18:17.791 [info] > git blame --root --incremental 465cbf4ffcc50aa3dc3d056172a0fc6d80ef37d6 -- acc.txt [2ms]
2025-11-04 20:20:24.573 [info] > git show --textconv :main.py [3ms]
2025-11-04 20:20:24.574 [info] > git ls-files --stage -- main.py [1ms]
2025-11-04 20:20:24.579 [info] > git cat-file -s bafce678e317c2c5997e09072d6ce8f1433ab1d8 [1ms]
2025-11-04 20:30:41.316 [info] > git config --get commit.template [7ms]
2025-11-04 20:30:41.316 [info] > git for-each-ref --format=%(refname)%00%(upstream:short)%00%(objectname)%00%(upstream:track)%00%(upstream:remotename)%00%(upstream:remoteref) refs/heads/master refs/remotes/master [1ms]
2025-11-04 20:30:41.320 [warning] [Git][revParse] Unable to read file: ENOENT: no such file or directory, open '/home/arch/code/work/TTSpamer/.git/refs/remotes/origin/master'
2025-11-04 20:30:41.321 [info] > git rev-parse refs/remotes/origin/master [1ms]
2025-11-04 20:30:41.329 [info] > git status -z -uall [4ms]
2025-11-04 20:30:41.330 [info] > git for-each-ref --sort -committerdate --format %(refname)%00%(objectname)%00%(*objectname) [2ms]
2025-11-04 20:30:46.515 [info] > git config --get commit.template [5ms]
2025-11-04 20:30:46.516 [info] > git for-each-ref --format=%(refname)%00%(upstream:short)%00%(objectname)%00%(upstream:track)%00%(upstream:remotename)%00%(upstream:remoteref) refs/heads/master refs/remotes/master [0ms]
2025-11-04 20:30:46.519 [warning] [Git][revParse] Unable to read file: ENOENT: no such file or directory, open '/home/arch/code/work/TTSpamer/.git/refs/remotes/origin/master'
2025-11-04 20:30:46.520 [info] > git rev-parse refs/remotes/origin/master [1ms]
2025-11-04 20:30:46.526 [info] > git status -z -uall [3ms]
2025-11-04 20:30:46.527 [info] > git for-each-ref --sort -committerdate --format %(refname)%00%(objectname)%00%(*objectname) [1ms]
2025-11-04 20:46:22.311 [info] > git show --textconv :test.py [5ms]
2025-11-04 20:46:22.315 [info] > git ls-files --stage -- test.py [5ms]
2025-11-04 20:46:22.319 [info] > git hash-object -t tree /dev/null [4ms]
2025-11-04 20:46:22.319 [warning] [GitFileSystemProvider][readFile] File not found - git:/home/arch/code/work/TTSpamer/test.py.git?%7B%22path%22%3A%22%2Fhome%2Farch%2Fcode%2Fwork%2FTTSpamer%2Ftest.py%22%2C%22ref%22%3A%22%22%7D
2025-11-04 20:46:22.320 [info] > git hash-object -t tree /dev/null [2ms]
2025-11-04 20:46:22.320 [warning] [GitFileSystemProvider][stat] File not found - git:/home/arch/code/work/TTSpamer/test.py.git?%7B%22path%22%3A%22%2Fhome%2Farch%2Fcode%2Fwork%2FTTSpamer%2Ftest.py%22%2C%22ref%22%3A%22%22%7D
2025-11-04 20:46:22.583 [info] > git check-ignore -v -z --stdin [1ms]
2025-11-04 20:46:23.140 [info] > git config --get commit.template [3ms]
2025-11-04 20:46:23.141 [info] > git for-each-ref --format=%(refname)%00%(upstream:short)%00%(objectname)%00%(upstream:track)%00%(upstream:remotename)%00%(upstream:remoteref) refs/heads/master refs/remotes/master [1ms]
2025-11-04 20:46:23.144 [warning] [Git][revParse] Unable to read file: ENOENT: no such file or directory, open '/home/arch/code/work/TTSpamer/.git/refs/remotes/origin/master'
2025-11-04 20:46:23.144 [info] > git rev-parse refs/remotes/origin/master [1ms]
2025-11-04 20:46:23.150 [info] > git status -z -uall [3ms]
2025-11-04 20:46:23.151 [info] > git for-each-ref --sort -committerdate --format %(refname)%00%(objectname)%00%(*objectname) [2ms]
2025-11-04 20:46:28.156 [info] > git config --get commit.template [0ms]
2025-11-04 20:46:28.160 [info] > git for-each-ref --format=%(refname)%00%(upstream:short)%00%(objectname)%00%(upstream:track)%00%(upstream:remotename)%00%(upstream:remoteref) refs/heads/master refs/remotes/master [1ms]
2025-11-04 20:46:28.163 [warning] [Git][revParse] Unable to read file: ENOENT: no such file or directory, open '/home/arch/code/work/TTSpamer/.git/refs/remotes/origin/master'
2025-11-04 20:46:28.164 [info] > git rev-parse refs/remotes/origin/master [1ms]
2025-11-04 20:46:28.170 [info] > git status -z -uall [4ms]
2025-11-04 20:46:28.170 [info] > git for-each-ref --sort -committerdate --format %(refname)%00%(objectname)%00%(*objectname) [1ms]
2025-11-04 20:48:07.058 [info] > git show --textconv :main.py [6ms]
2025-11-04 20:48:07.059 [info] > git ls-files --stage -- main.py [2ms]
2025-11-04 20:48:07.063 [info] > git cat-file -s bafce678e317c2c5997e09072d6ce8f1433ab1d8 [1ms]
2025-11-04 20:49:20.632 [info] > git config --get commit.template [6ms]
2025-11-04 20:49:20.632 [info] > git for-each-ref --format=%(refname)%00%(upstream:short)%00%(objectname)%00%(upstream:track)%00%(upstream:remotename)%00%(upstream:remoteref) refs/heads/master refs/remotes/master [1ms]
2025-11-04 20:49:20.637 [warning] [Git][revParse] Unable to read file: ENOENT: no such file or directory, open '/home/arch/code/work/TTSpamer/.git/refs/remotes/origin/master'
2025-11-04 20:49:20.638 [info] > git rev-parse refs/remotes/origin/master [2ms]
2025-11-04 20:49:20.645 [info] > git status -z -uall [3ms]
2025-11-04 20:49:20.646 [info] > git for-each-ref --sort -committerdate --format %(refname)%00%(objectname)%00%(*objectname) [1ms]
2025-11-04 20:49:25.653 [info] > git config --get commit.template [1ms]
2025-11-04 20:49:25.656 [info] > git for-each-ref --format=%(refname)%00%(upstream:short)%00%(objectname)%00%(upstream:track)%00%(upstream:remotename)%00%(upstream:remoteref) refs/heads/master refs/remotes/master [1ms]
2025-11-04 20:49:25.659 [warning] [Git][revParse] Unable to read file: ENOENT: no such file or directory, open '/home/arch/code/work/TTSpamer/.git/refs/remotes/origin/master'
2025-11-04 20:49:25.660 [info] > git rev-parse refs/remotes/origin/master [1ms]
2025-11-04 20:49:25.666 [info] > git status -z -uall [3ms]
2025-11-04 20:49:25.667 [info] > git for-each-ref --sort -committerdate --format %(refname)%00%(objectname)%00%(*objectname) [1ms]
2025-11-04 20:50:10.649 [info] > git config --get commit.template [1ms]
2025-11-04 20:50:10.654 [info] > git for-each-ref --format=%(refname)%00%(upstream:short)%00%(objectname)%00%(upstream:track)%00%(upstream:remotename)%00%(upstream:remoteref) refs/heads/master refs/remotes/master [1ms]
2025-11-04 20:50:10.657 [warning] [Git][revParse] Unable to read file: ENOENT: no such file or directory, open '/home/arch/code/work/TTSpamer/.git/refs/remotes/origin/master'
2025-11-04 20:50:10.658 [info] > git rev-parse refs/remotes/origin/master [1ms]
2025-11-04 20:50:10.667 [info] > git status -z -uall [5ms]
2025-11-04 20:50:10.667 [info] > git for-each-ref --sort -committerdate --format %(refname)%00%(objectname)%00%(*objectname) [1ms]
2025-11-04 20:50:15.679 [info] > git config --get commit.template [5ms]
2025-11-04 20:50:15.679 [info] > git for-each-ref --format=%(refname)%00%(upstream:short)%00%(objectname)%00%(upstream:track)%00%(upstream:remotename)%00%(upstream:remoteref) refs/heads/master refs/remotes/master [1ms]
2025-11-04 20:50:15.683 [warning] [Git][revParse] Unable to read file: ENOENT: no such file or directory, open '/home/arch/code/work/TTSpamer/.git/refs/remotes/origin/master'
2025-11-04 20:50:15.684 [info] > git rev-parse refs/remotes/origin/master [1ms]
2025-11-04 20:50:15.693 [info] > git status -z -uall [5ms]
2025-11-04 20:50:15.693 [info] > git for-each-ref --sort -committerdate --format %(refname)%00%(objectname)%00%(*objectname) [1ms]
2025-11-04 20:50:20.703 [info] > git config --get commit.template [3ms]
2025-11-04 20:50:20.704 [info] > git for-each-ref --format=%(refname)%00%(upstream:short)%00%(objectname)%00%(upstream:track)%00%(upstream:remotename)%00%(upstream:remoteref) refs/heads/master refs/remotes/master [1ms]
2025-11-04 20:50:20.706 [warning] [Git][revParse] Unable to read file: ENOENT: no such file or directory, open '/home/arch/code/work/TTSpamer/.git/refs/remotes/origin/master'
2025-11-04 20:50:20.706 [info] > git rev-parse refs/remotes/origin/master [0ms]
2025-11-04 20:50:20.713 [info] > git status -z -uall [4ms]
2025-11-04 20:50:20.714 [info] > git for-each-ref --sort -committerdate --format %(refname)%00%(objectname)%00%(*objectname) [1ms]
2025-11-04 20:50:49.051 [info] > git config --get commit.template [5ms]
2025-11-04 20:50:49.052 [info] > git for-each-ref --format=%(refname)%00%(upstream:short)%00%(objectname)%00%(upstream:track)%00%(upstream:remotename)%00%(upstream:remoteref) refs/heads/master refs/remotes/master [2ms]
2025-11-04 20:50:49.057 [warning] [Git][revParse] Unable to read file: ENOENT: no such file or directory, open '/home/arch/code/work/TTSpamer/.git/refs/remotes/origin/master'
2025-11-04 20:50:49.058 [info] > git rev-parse refs/remotes/origin/master [1ms]
2025-11-04 20:50:49.067 [info] > git status -z -uall [5ms]
2025-11-04 20:50:49.067 [info] > git for-each-ref --sort -committerdate --format %(refname)%00%(objectname)%00%(*objectname) [1ms]
2025-11-04 20:55:25.244 [info] > git config --get commit.template [5ms]
2025-11-04 20:55:25.245 [info] > git for-each-ref --format=%(refname)%00%(upstream:short)%00%(objectname)%00%(upstream:track)%00%(upstream:remotename)%00%(upstream:remoteref) refs/heads/master refs/remotes/master [2ms]
2025-11-04 20:55:25.248 [warning] [Git][revParse] Unable to read file: ENOENT: no such file or directory, open '/home/arch/code/work/TTSpamer/.git/refs/remotes/origin/master'
2025-11-04 20:55:25.250 [info] > git rev-parse refs/remotes/origin/master [1ms]
2025-11-04 20:55:25.257 [info] > git status -z -uall [3ms]
2025-11-04 20:55:25.257 [info] > git for-each-ref --sort -committerdate --format %(refname)%00%(objectname)%00%(*objectname) [0ms]
2025-11-04 20:55:37.763 [info] > git config --get commit.template [5ms]
2025-11-04 20:55:37.763 [info] > git for-each-ref --format=%(refname)%00%(upstream:short)%00%(objectname)%00%(upstream:track)%00%(upstream:remotename)%00%(upstream:remoteref) refs/heads/master refs/remotes/master [1ms]
2025-11-04 20:55:37.767 [warning] [Git][revParse] Unable to read file: ENOENT: no such file or directory, open '/home/arch/code/work/TTSpamer/.git/refs/remotes/origin/master'
2025-11-04 20:55:37.768 [info] > git rev-parse refs/remotes/origin/master [1ms]
2025-11-04 20:55:37.775 [info] > git status -z -uall [4ms]
2025-11-04 20:55:37.775 [info] > git for-each-ref --sort -committerdate --format %(refname)%00%(objectname)%00%(*objectname) [1ms]
2025-11-04 20:55:42.786 [info] > git config --get commit.template [5ms]
2025-11-04 20:55:42.786 [info] > git for-each-ref --format=%(refname)%00%(upstream:short)%00%(objectname)%00%(upstream:track)%00%(upstream:remotename)%00%(upstream:remoteref) refs/heads/master refs/remotes/master [1ms]
2025-11-04 20:55:42.791 [warning] [Git][revParse] Unable to read file: ENOENT: no such file or directory, open '/home/arch/code/work/TTSpamer/.git/refs/remotes/origin/master'
2025-11-04 20:55:42.792 [info] > git rev-parse refs/remotes/origin/master [1ms]
2025-11-04 20:55:42.798 [info] > git status -z -uall [3ms]
2025-11-04 20:55:42.798 [info] > git for-each-ref --sort -committerdate --format %(refname)%00%(objectname)%00%(*objectname) [0ms]
2025-11-04 20:55:47.809 [info] > git config --get commit.template [4ms]
2025-11-04 20:55:47.809 [info] > git for-each-ref --format=%(refname)%00%(upstream:short)%00%(objectname)%00%(upstream:track)%00%(upstream:remotename)%00%(upstream:remoteref) refs/heads/master refs/remotes/master [1ms]
2025-11-04 20:55:47.812 [warning] [Git][revParse] Unable to read file: ENOENT: no such file or directory, open '/home/arch/code/work/TTSpamer/.git/refs/remotes/origin/master'
2025-11-04 20:55:47.813 [info] > git rev-parse refs/remotes/origin/master [1ms]
2025-11-04 20:55:47.822 [info] > git status -z -uall [4ms]
2025-11-04 20:55:47.822 [info] > git for-each-ref --sort -committerdate --format %(refname)%00%(objectname)%00%(*objectname) [1ms]
2025-11-04 20:55:53.144 [info] > git config --get commit.template [6ms]
2025-11-04 20:55:53.144 [info] > git for-each-ref --format=%(refname)%00%(upstream:short)%00%(objectname)%00%(upstream:track)%00%(upstream:remotename)%00%(upstream:remoteref) refs/heads/master refs/remotes/master [1ms]
2025-11-04 20:55:53.147 [warning] [Git][revParse] Unable to read file: ENOENT: no such file or directory, open '/home/arch/code/work/TTSpamer/.git/refs/remotes/origin/master'
2025-11-04 20:55:53.148 [info] > git rev-parse refs/remotes/origin/master [1ms]
2025-11-04 20:55:53.157 [info] > git status -z -uall [4ms]
2025-11-04 20:55:53.158 [info] > git for-each-ref --sort -committerdate --format %(refname)%00%(objectname)%00%(*objectname) [2ms]
2025-11-04 20:55:58.165 [info] > git config --get commit.template [0ms]
2025-11-04 20:55:58.168 [info] > git for-each-ref --format=%(refname)%00%(upstream:short)%00%(objectname)%00%(upstream:track)%00%(upstream:remotename)%00%(upstream:remoteref) refs/heads/master refs/remotes/master [1ms]
2025-11-04 20:55:58.171 [warning] [Git][revParse] Unable to read file: ENOENT: no such file or directory, open '/home/arch/code/work/TTSpamer/.git/refs/remotes/origin/master'
2025-11-04 20:55:58.172 [info] > git rev-parse refs/remotes/origin/master [1ms]
2025-11-04 20:55:58.178 [info] > git status -z -uall [4ms]
2025-11-04 20:55:58.178 [info] > git for-each-ref --sort -committerdate --format %(refname)%00%(objectname)%00%(*objectname) [1ms]
2025-11-04 20:56:03.187 [info] > git config --get commit.template [3ms]
2025-11-04 20:56:03.188 [info] > git for-each-ref --format=%(refname)%00%(upstream:short)%00%(objectname)%00%(upstream:track)%00%(upstream:remotename)%00%(upstream:remoteref) refs/heads/master refs/remotes/master [1ms]
2025-11-04 20:56:03.217 [warning] [Git][revParse] Unable to read file: ENOENT: no such file or directory, open '/home/arch/code/work/TTSpamer/.git/refs/remotes/origin/master'
2025-11-04 20:56:03.218 [info] > git rev-parse refs/remotes/origin/master [1ms]
2025-11-04 20:56:03.224 [info] > git status -z -uall [4ms]
2025-11-04 20:56:03.224 [info] > git for-each-ref --sort -committerdate --format %(refname)%00%(objectname)%00%(*objectname) [1ms]
2025-11-04 20:56:07.130 [info] > git show --textconv :second_tes.py [4ms]
2025-11-04 20:56:07.130 [warning] [GitFileSystemProvider][readFile] File not found - git:/home/arch/code/work/TTSpamer/second_tes.py.git?%7B%22path%22%3A%22%2Fhome%2Farch%2Fcode%2Fwork%2FTTSpamer%2Fsecond_tes.py%22%2C%22ref%22%3A%22%22%7D
2025-11-04 20:56:07.131 [info] > git ls-files --stage -- second_tes.py [2ms]
2025-11-04 20:56:07.131 [warning] [GitFileSystemProvider][stat] File not found - git:/home/arch/code/work/TTSpamer/second_tes.py.git?%7B%22path%22%3A%22%2Fhome%2Farch%2Fcode%2Fwork%2FTTSpamer%2Fsecond_tes.py%22%2C%22ref%22%3A%22%22%7D
2025-11-04 20:56:07.405 [info] > git check-ignore -v -z --stdin [1ms]
2025-11-04 20:56:08.232 [info] > git config --get commit.template [3ms]
2025-11-04 20:56:08.233 [info] > git for-each-ref --format=%(refname)%00%(upstream:short)%00%(objectname)%00%(upstream:track)%00%(upstream:remotename)%00%(upstream:remoteref) refs/heads/master refs/remotes/master [1ms]
2025-11-04 20:56:08.236 [warning] [Git][revParse] Unable to read file: ENOENT: no such file or directory, open '/home/arch/code/work/TTSpamer/.git/refs/remotes/origin/master'
2025-11-04 20:56:08.237 [info] > git rev-parse refs/remotes/origin/master [1ms]
2025-11-04 20:56:08.243 [info] > git status -z -uall [3ms]
2025-11-04 20:56:08.243 [info] > git for-each-ref --sort -committerdate --format %(refname)%00%(objectname)%00%(*objectname) [1ms]
2025-11-04 20:56:08.557 [info] > git show --textconv :proxies.txt [4ms]
2025-11-04 20:56:08.558 [info] > git ls-files --stage -- proxies.txt [1ms]
2025-11-04 20:56:08.562 [info] > git cat-file -s e69de29bb2d1d6434b8b29ae775ad8c2e48c5391 [1ms]
2025-11-04 20:56:09.715 [info] > git show --textconv :main.py [4ms]
2025-11-04 20:56:09.716 [info] > git ls-files --stage -- main.py [1ms]
2025-11-04 20:56:09.721 [info] > git cat-file -s bafce678e317c2c5997e09072d6ce8f1433ab1d8 [1ms]
2025-11-04 20:56:17.589 [info] > git config --get commit.template [3ms]
2025-11-04 20:56:17.590 [info] > git for-each-ref --format=%(refname)%00%(upstream:short)%00%(objectname)%00%(upstream:track)%00%(upstream:remotename)%00%(upstream:remoteref) refs/heads/master refs/remotes/master [1ms]
2025-11-04 20:56:17.593 [warning] [Git][revParse] Unable to read file: ENOENT: no such file or directory, open '/home/arch/code/work/TTSpamer/.git/refs/remotes/origin/master'
2025-11-04 20:56:17.594 [info] > git rev-parse refs/remotes/origin/master [1ms]
2025-11-04 20:56:17.601 [info] > git status -z -uall [4ms]
2025-11-04 20:56:17.602 [info] > git for-each-ref --sort -committerdate --format %(refname)%00%(objectname)%00%(*objectname) [1ms]
2025-11-04 20:56:25.776 [info] > git show --textconv :main.py [4ms]
2025-11-04 20:56:25.777 [info] > git ls-files --stage -- main.py [1ms]
2025-11-04 20:56:25.781 [info] > git cat-file -s bafce678e317c2c5997e09072d6ce8f1433ab1d8 [1ms]
