2025-12-04 19:58:49.192 [info] [main] Log level: Info
2025-12-04 19:58:49.192 [info] [main] Validating found git in: "git"
2025-12-04 19:58:49.192 [info] [main] Using git "2.52.0" from "git"
2025-12-04 19:58:49.192 [info] [Model][doInitialScan] Initial repository scan started
2025-12-04 19:58:49.192 [info] > git rev-parse --show-toplevel [20ms]
2025-12-04 19:58:49.192 [info] fatal: not a git repository (or any of the parent directories): .git
2025-12-04 19:58:49.192 [info] > git rev-parse --show-toplevel [8ms]
2025-12-04 19:58:49.192 [info] fatal: not a git repository (or any of the parent directories): .git
2025-12-04 19:58:49.192 [info] > git rev-parse --show-toplevel [2ms]
2025-12-04 19:58:49.192 [info] fatal: not a git repository (or any of the parent directories): .git
2025-12-04 19:58:49.192 [info] > git rev-parse --show-toplevel [4ms]
2025-12-04 19:58:49.192 [info] fatal: not a git repository (or any of the parent directories): .git
2025-12-04 19:58:49.192 [info] > git rev-parse --show-toplevel [21ms]
2025-12-04 19:58:49.192 [info] fatal: not a git repository (or any of the parent directories): .git
2025-12-04 19:58:49.217 [info] > git rev-parse --show-toplevel [22ms]
2025-12-04 19:58:49.217 [info] fatal: not a git repository (or any of the parent directories): .git
2025-12-04 19:58:49.234 [info] > git rev-parse --show-toplevel [2ms]
2025-12-04 19:58:49.234 [info] fatal: not a git repository (or any of the parent directories): .git
2025-12-04 19:58:49.235 [info] [Model][doInitialScan] Initial repository scan completed - repositories (0), closed repositories (0), parent repositories (0), unsafe repositories (0)
2025-12-04 19:58:49.818 [info] > git rev-parse --show-toplevel [13ms]
2025-12-04 19:58:49.818 [info] fatal: not a git repository (or any of the parent directories): .git
2025-12-04 19:58:53.580 [info] > git rev-parse --show-toplevel [1ms]
2025-12-04 19:58:53.580 [info] fatal: not a git repository (or any of the parent directories): .git
2025-12-04 19:58:53.595 [info] > git rev-parse --show-toplevel [1ms]
2025-12-04 19:58:53.595 [info] fatal: not a git repository (or any of the parent directories): .git
