2025-11-04 19:57:35.990 [info] Configuration changed
2025-11-04 19:57:36.233 [info] Configuration changed
2025-11-04 19:57:36.247 [info] Configuration changed
2025-11-04 19:57:36.260 [info] Configuration changed
2025-11-04 19:57:36.559 [info] Configuration changed
2025-11-04 19:57:37.230 [info] Configuration changed
2025-11-04 19:57:37.578 [info] Configuration changed
2025-11-04 19:57:46.257 [info] Configuration changed
2025-11-04 19:57:46.544 [info] Configuration changed
2025-11-04 19:57:47.342 [info] Active editor: file:///home/arch/code/work/tt_test/TTSpamer/main.py
2025-11-04 19:57:47.557 [info] Configuration changed
2025-11-04 19:57:57.052 [info] Searching for solve
2025-11-04 20:05:59.064 [info] Configuration changed
2025-11-04 20:05:59.079 [info] Configuration changed
2025-11-04 20:05:59.088 [info] Configuration changed
2025-11-04 20:05:59.265 [info] Configuration changed
2025-11-04 20:05:59.564 [info] Configuration changed
2025-11-04 20:05:59.998 [info] Configuration changed
2025-11-04 20:06:00.355 [info] Configuration changed
2025-11-04 20:12:53.316 [info] Executing :w
2025-11-04 20:17:55.984 [info] /home/arch/code/work/TTSpamer/main.py.git closed
2025-11-04 20:17:56.008 [info] Active editor: vscode-userdata:/home/arch/.config/Code/User/settings.json
2025-11-04 20:18:10.673 [info] Configuration changed
2025-11-04 20:18:11.497 [info] /home/arch/.config/Code/User/settings.json closed
2025-11-04 20:18:11.503 [info] Active editor: file:///home/arch/code/work/TTSpamer/main.py
2025-11-04 20:18:15.331 [info] /home/arch/code/work/TTSpamer/main.py.git closed
2025-11-04 20:18:15.346 [info] Active editor: file:///home/arch/code/work/TTSpamer/acc.txt
2025-11-04 20:20:24.357 [info] /home/arch/code/work/TTSpamer/acc.txt closed
2025-11-04 20:20:24.358 [info] /home/arch/code/work/TTSpamer/acc.txt.git closed
2025-11-04 20:20:24.364 [info] Active editor: file:///home/arch/code/work/TTSpamer/main.py
2025-11-04 20:46:22.071 [info] /home/arch/code/work/TTSpamer/main.py.git closed
2025-11-04 20:46:22.101 [info] Active editor: file:///home/arch/code/work/TTSpamer/test.py
2025-11-04 20:48:06.846 [info] Active editor: file:///home/arch/code/work/TTSpamer/main.py
2025-11-04 20:48:28.430 [info] /home/arch/code/work/TTSpamer/main.py.git closed
2025-11-04 20:48:28.435 [info] Active editor: file:///home/arch/code/work/TTSpamer/test.py
2025-11-04 20:56:06.921 [info] Active editor: file:///home/arch/code/work/TTSpamer/second_tes.py
2025-11-04 20:56:08.330 [info] Active editor: file:///home/arch/code/work/TTSpamer/proxies.txt
2025-11-04 20:56:09.501 [info] /home/arch/code/work/TTSpamer/proxies.txt.git closed
2025-11-04 20:56:09.505 [info] Active editor: file:///home/arch/code/work/TTSpamer/main.py
2025-11-04 20:56:14.955 [info] /home/arch/code/work/TTSpamer/main.py.git closed
2025-11-04 20:56:14.960 [info] Active editor: file:///home/arch/code/work/TTSpamer/second_tes.py
2025-11-04 20:56:16.461 [info] Active editor: file:///home/arch/code/work/TTSpamer/test.py
2025-11-04 20:56:25.566 [info] Active editor: file:///home/arch/code/work/TTSpamer/main.py
